{"/Users/larss/Projects/core-component-library/packages/core-component-library/src/components/action-bar/action-bar.tsx": {"path":"/Users/larss/Projects/core-component-library/packages/core-component-library/src/components/action-bar/action-bar.tsx","statementMap":{"0":{"start":{"line":1,"column":0},"end":{"line":1,"column":101}},"1":{"start":{"line":16,"column":19},"end":{"line":16,"column":null}},"2":{"start":{"line":21,"column":19},"end":{"line":21,"column":null}},"3":{"start":{"line":26,"column":19},"end":{"line":26,"column":null}},"4":{"start":{"line":31,"column":19},"end":{"line":31,"column":null}},"5":{"start":{"line":36,"column":11},"end":{"line":36,"column":null}},"6":{"start":{"line":41,"column":11},"end":{"line":41,"column":null}},"7":{"start":{"line":46,"column":11},"end":{"line":46,"column":null}},"8":{"start":{"line":51,"column":11},"end":{"line":51,"column":null}},"9":{"start":{"line":99,"column":10},"end":{"line":102,"column":null}},"10":{"start":{"line":100,"column":19},"end":{"line":100,"column":102}},"11":{"start":{"line":100,"column":47},"end":{"line":100,"column":101}},"12":{"start":{"line":101,"column":4},"end":{"line":101,"column":null}},"13":{"start":{"line":104,"column":10},"end":{"line":106,"column":null}},"14":{"start":{"line":105,"column":4},"end":{"line":105,"column":null}},"15":{"start":{"line":64,"column":21},"end":{"line":64,"column":37}},"16":{"start":{"line":65,"column":27},"end":{"line":65,"column":56}},"17":{"start":{"line":67,"column":4},"end":{"line":69,"column":null}},"18":{"start":{"line":68,"column":6},"end":{"line":68,"column":null}},"19":{"start":{"line":74,"column":4},"end":{"line":74,"column":null}},"20":{"start":{"line":78,"column":4},"end":{"line":82,"column":null}},"21":{"start":{"line":79,"column":6},"end":{"line":81,"column":null}},"22":{"start":{"line":80,"column":8},"end":{"line":80,"column":null}},"23":{"start":{"line":80,"column":45},"end":{"line":80,"column":81}},"24":{"start":{"line":84,"column":20},"end":{"line":84,"column":60}},"25":{"start":{"line":86,"column":23},"end":{"line":86,"column":60}},"26":{"start":{"line":87,"column":4},"end":{"line":87,"column":null}},"27":{"start":{"line":88,"column":4},"end":{"line":88,"column":null}},"28":{"start":{"line":89,"column":4},"end":{"line":89,"column":null}},"29":{"start":{"line":92,"column":4},"end":{"line":96,"column":null}},"30":{"start":{"line":95,"column":6},"end":{"line":95,"column":null}},"31":{"start":{"line":109,"column":19},"end":{"line":109,"column":32}},"32":{"start":{"line":111,"column":4},"end":{"line":117,"column":null}},"33":{"start":{"line":112,"column":6},"end":{"line":116,"column":null}},"34":{"start":{"line":121,"column":70},"end":{"line":121,"column":74}},"35":{"start":{"line":123,"column":4},"end":{"line":158,"column":null}},"36":{"start":{"line":144,"column":16},"end":{"line":144,"column":null}},"37":{"start":{"line":3,"column":0},"end":{"line":3,"column":null}}},"fnMap":{"0":{"name":"(anonymous_0)","decl":{"start":{"line":3,"column":0},"end":{"line":3,"column":null}},"loc":{"start":{"line":3,"column":0},"end":{"line":160,"column":null}}},"1":{"name":"(anonymous_1)","decl":{"start":{"line":99,"column":24},"end":{"line":99,"column":25}},"loc":{"start":{"line":99,"column":28},"end":{"line":102,"column":3}}},"2":{"name":"(anonymous_2)","decl":{"start":{"line":100,"column":41},"end":{"line":100,"column":43}},"loc":{"start":{"line":100,"column":47},"end":{"line":100,"column":101}}},"3":{"name":"(anonymous_3)","decl":{"start":{"line":104,"column":19},"end":{"line":104,"column":22}},"loc":{"start":{"line":104,"column":24},"end":{"line":106,"column":3}}},"4":{"name":"(anonymous_4)","decl":{"start":{"line":63,"column":10},"end":{"line":63,"column":28}},"loc":{"start":{"line":63,"column":30},"end":{"line":70,"column":3}}},"5":{"name":"(anonymous_5)","decl":{"start":{"line":72,"column":2},"end":{"line":72,"column":19}},"loc":{"start":{"line":72,"column":19},"end":{"line":75,"column":3}}},"6":{"name":"(anonymous_6)","decl":{"start":{"line":77,"column":2},"end":{"line":77,"column":18}},"loc":{"start":{"line":77,"column":18},"end":{"line":97,"column":3}}},"7":{"name":"(anonymous_7)","decl":{"start":{"line":78,"column":15},"end":{"line":78,"column":18}},"loc":{"start":{"line":78,"column":20},"end":{"line":82,"column":5}}},"8":{"name":"(anonymous_8)","decl":{"start":{"line":80,"column":32},"end":{"line":80,"column":41}},"loc":{"start":{"line":80,"column":45},"end":{"line":80,"column":81}}},"9":{"name":"(anonymous_9)","decl":{"start":{"line":92,"column":20},"end":{"line":92,"column":26}},"loc":{"start":{"line":92,"column":29},"end":{"line":96,"column":5}}},"10":{"name":"(anonymous_10)","decl":{"start":{"line":108,"column":10},"end":{"line":108,"column":23}},"loc":{"start":{"line":108,"column":23},"end":{"line":118,"column":3}}},"11":{"name":"(anonymous_11)","decl":{"start":{"line":111,"column":28},"end":{"line":111,"column":29}},"loc":{"start":{"line":111,"column":57},"end":{"line":117,"column":5}}},"12":{"name":"(anonymous_12)","decl":{"start":{"line":120,"column":2},"end":{"line":120,"column":8}},"loc":{"start":{"line":120,"column":8},"end":{"line":159,"column":3}}},"13":{"name":"(anonymous_13)","decl":{"start":{"line":143,"column":19},"end":{"line":143,"column":21}},"loc":{"start":{"line":143,"column":24},"end":{"line":145,"column":15}}}},"branchMap":{"0":{"loc":{"start":{"line":100,"column":47},"end":{"line":100,"column":57}},"type":"binary-expr","locations":[{"start":{"line":100,"column":47},"end":{"line":100,"column":57}},{"start":{"line":100,"column":61},"end":{"line":100,"column":101}}]},"1":{"loc":{"start":{"line":67,"column":4},"end":{"line":69,"column":null}},"type":"if","locations":[{"start":{"line":67,"column":4},"end":{"line":69,"column":null}},{"start":{"line":67,"column":4},"end":{"line":69,"column":null}}]},"2":{"loc":{"start":{"line":79,"column":6},"end":{"line":81,"column":null}},"type":"if","locations":[{"start":{"line":79,"column":6},"end":{"line":81,"column":null}},{"start":{"line":79,"column":6},"end":{"line":81,"column":null}}]},"3":{"loc":{"start":{"line":79,"column":10},"end":{"line":79,"column":32}},"type":"binary-expr","locations":[{"start":{"line":79,"column":10},"end":{"line":79,"column":32}},{"start":{"line":79,"column":36},"end":{"line":79,"column":49}}]},"4":{"loc":{"start":{"line":86,"column":23},"end":{"line":86,"column":37}},"type":"binary-expr","locations":[{"start":{"line":86,"column":23},"end":{"line":86,"column":37}},{"start":{"line":86,"column":41},"end":{"line":86,"column":60}}]},"5":{"loc":{"start":{"line":87,"column":25},"end":{"line":87,"column":42}},"type":"binary-expr","locations":[{"start":{"line":87,"column":25},"end":{"line":87,"column":42}},{"start":{"line":87,"column":46},"end":{"line":87,"column":66}}]},"6":{"loc":{"start":{"line":88,"column":19},"end":{"line":88,"column":37}},"type":"binary-expr","locations":[{"start":{"line":88,"column":19},"end":{"line":88,"column":37}},{"start":{"line":88,"column":42},"end":{"line":88,"column":56}},{"start":{"line":88,"column":60},"end":{"line":88,"column":81}}]},"7":{"loc":{"start":{"line":89,"column":19},"end":{"line":89,"column":44}},"type":"binary-expr","locations":[{"start":{"line":89,"column":19},"end":{"line":89,"column":44}},{"start":{"line":89,"column":48},"end":{"line":89,"column":68}},{"start":{"line":89,"column":73},"end":{"line":89,"column":87}}]},"8":{"loc":{"start":{"line":111,"column":42},"end":{"line":111,"column":44}},"type":"default-arg","locations":[{"start":{"line":111,"column":42},"end":{"line":111,"column":44}}]},"9":{"loc":{"start":{"line":126,"column":10},"end":{"line":149,"column":null}},"type":"cond-expr","locations":[{"start":{"line":126,"column":10},"end":{"line":149,"column":null}},{"start":{"line":152,"column":10},"end":{"line":154,"column":null}}]},"10":{"loc":{"start":{"line":128,"column":14},"end":{"line":129,"column":null}},"type":"cond-expr","locations":[{"start":{"line":128,"column":14},"end":{"line":129,"column":null}},{"start":{"line":132,"column":14},"end":{"line":137,"column":null}}]}},"s":{"0":1,"1":0,"2":0,"3":0,"4":0,"5":0,"6":0,"7":0,"8":0,"9":0,"10":0,"11":0,"12":0,"13":0,"14":0,"15":0,"16":0,"17":0,"18":0,"19":0,"20":0,"21":0,"22":0,"23":0,"24":0,"25":0,"26":0,"27":0,"28":0,"29":0,"30":0,"31":0,"32":0,"33":0,"34":0,"35":0,"36":0,"37":1},"f":{"0":0,"1":0,"2":0,"3":0,"4":0,"5":0,"6":0,"7":0,"8":0,"9":0,"10":0,"11":0,"12":0,"13":0},"b":{"0":[0,0],"1":[0,0],"2":[0,0],"3":[0,0],"4":[0,0],"5":[0,0],"6":[0,0,0],"7":[0,0,0],"8":[0],"9":[0,0],"10":[0,0]}}
,"/Users/larss/Projects/core-component-library/packages/core-component-library/src/components/autocomplete/autocomplete.tsx": {"path":"/Users/larss/Projects/core-component-library/packages/core-component-library/src/components/autocomplete/autocomplete.tsx","statementMap":{"0":{"start":{"line":1,"column":0},"end":{"line":1,"column":101}},"1":{"start":{"line":13,"column":10},"end":{"line":13,"column":null}},"2":{"start":{"line":15,"column":10},"end":{"line":15,"column":null}},"3":{"start":{"line":22,"column":27},"end":{"line":22,"column":null}},"4":{"start":{"line":27,"column":42},"end":{"line":27,"column":null}},"5":{"start":{"line":32,"column":19},"end":{"line":32,"column":null}},"6":{"start":{"line":37,"column":19},"end":{"line":37,"column":null}},"7":{"start":{"line":42,"column":19},"end":{"line":42,"column":null}},"8":{"start":{"line":47,"column":19},"end":{"line":47,"column":null}},"9":{"start":{"line":57,"column":42},"end":{"line":57,"column":null}},"10":{"start":{"line":62,"column":19},"end":{"line":62,"column":null}},"11":{"start":{"line":69,"column":19},"end":{"line":69,"column":null}},"12":{"start":{"line":74,"column":42},"end":{"line":74,"column":null}},"13":{"start":{"line":154,"column":10},"end":{"line":169,"column":null}},"14":{"start":{"line":155,"column":4},"end":{"line":168,"column":null}},"15":{"start":{"line":156,"column":6},"end":{"line":156,"column":null}},"16":{"start":{"line":158,"column":6},"end":{"line":162,"column":null}},"17":{"start":{"line":159,"column":8},"end":{"line":161,"column":null}},"18":{"start":{"line":160,"column":10},"end":{"line":160,"column":null}},"19":{"start":{"line":164,"column":6},"end":{"line":164,"column":null}},"20":{"start":{"line":166,"column":6},"end":{"line":166,"column":null}},"21":{"start":{"line":167,"column":6},"end":{"line":167,"column":null}},"22":{"start":{"line":171,"column":10},"end":{"line":198,"column":null}},"23":{"start":{"line":172,"column":18},"end":{"line":172,"column":45}},"24":{"start":{"line":174,"column":4},"end":{"line":197,"column":null}},"25":{"start":{"line":175,"column":20},"end":{"line":194,"column":10}},"26":{"start":{"line":177,"column":10},"end":{"line":180,"column":49}},"27":{"start":{"line":183,"column":24},"end":{"line":183,"column":38}},"28":{"start":{"line":185,"column":10},"end":{"line":185,"column":null}},"29":{"start":{"line":187,"column":25},"end":{"line":187,"column":52}},"30":{"start":{"line":189,"column":10},"end":{"line":191,"column":null}},"31":{"start":{"line":190,"column":12},"end":{"line":190,"column":null}},"32":{"start":{"line":193,"column":10},"end":{"line":193,"column":null}},"33":{"start":{"line":196,"column":6},"end":{"line":196,"column":null}},"34":{"start":{"line":212,"column":10},"end":{"line":254,"column":null}},"35":{"start":{"line":213,"column":4},"end":{"line":253,"column":null}},"36":{"start":{"line":214,"column":27},"end":{"line":214,"column":40}},"37":{"start":{"line":216,"column":6},"end":{"line":235,"column":null}},"38":{"start":{"line":217,"column":24},"end":{"line":217,"column":95}},"39":{"start":{"line":217,"column":72},"end":{"line":217,"column":90}},"40":{"start":{"line":218,"column":31},"end":{"line":218,"column":48}},"41":{"start":{"line":219,"column":22},"end":{"line":219,"column":65}},"42":{"start":{"line":220,"column":30},"end":{"line":220,"column":50}},"43":{"start":{"line":222,"column":8},"end":{"line":232,"column":null}},"44":{"start":{"line":223,"column":10},"end":{"line":223,"column":null}},"45":{"start":{"line":224,"column":10},"end":{"line":224,"column":null}},"46":{"start":{"line":226,"column":10},"end":{"line":226,"column":null}},"47":{"start":{"line":226,"column":58},"end":{"line":226,"column":63}},"48":{"start":{"line":228,"column":10},"end":{"line":228,"column":null}},"49":{"start":{"line":229,"column":10},"end":{"line":229,"column":null}},"50":{"start":{"line":231,"column":10},"end":{"line":231,"column":null}},"51":{"start":{"line":234,"column":8},"end":{"line":234,"column":null}},"52":{"start":{"line":237,"column":6},"end":{"line":239,"column":null}},"53":{"start":{"line":238,"column":8},"end":{"line":238,"column":null}},"54":{"start":{"line":240,"column":11},"end":{"line":253,"column":null}},"55":{"start":{"line":241,"column":6},"end":{"line":241,"column":null}},"56":{"start":{"line":242,"column":6},"end":{"line":242,"column":null}},"57":{"start":{"line":244,"column":6},"end":{"line":244,"column":null}},"58":{"start":{"line":246,"column":6},"end":{"line":248,"column":null}},"59":{"start":{"line":247,"column":8},"end":{"line":247,"column":null}},"60":{"start":{"line":250,"column":6},"end":{"line":250,"column":null}},"61":{"start":{"line":252,"column":6},"end":{"line":252,"column":null}},"62":{"start":{"line":256,"column":10},"end":{"line":277,"column":null}},"63":{"start":{"line":257,"column":4},"end":{"line":257,"column":null}},"64":{"start":{"line":259,"column":27},"end":{"line":259,"column":35}},"65":{"start":{"line":260,"column":44},"end":{"line":260,"column":58}},"66":{"start":{"line":262,"column":4},"end":{"line":276,"column":null}},"67":{"start":{"line":263,"column":6},"end":{"line":263,"column":null}},"68":{"start":{"line":265,"column":6},"end":{"line":265,"column":null}},"69":{"start":{"line":266,"column":6},"end":{"line":266,"column":null}},"70":{"start":{"line":267,"column":6},"end":{"line":267,"column":null}},"71":{"start":{"line":269,"column":6},"end":{"line":269,"column":null}},"72":{"start":{"line":269,"column":54},"end":{"line":269,"column":59}},"73":{"start":{"line":271,"column":6},"end":{"line":271,"column":null}},"74":{"start":{"line":272,"column":6},"end":{"line":272,"column":null}},"75":{"start":{"line":273,"column":6},"end":{"line":273,"column":33}},"76":{"start":{"line":275,"column":6},"end":{"line":275,"column":null}},"77":{"start":{"line":279,"column":10},"end":{"line":287,"column":null}},"78":{"start":{"line":280,"column":4},"end":{"line":282,"column":null}},"79":{"start":{"line":281,"column":6},"end":{"line":281,"column":null}},"80":{"start":{"line":284,"column":4},"end":{"line":286,"column":null}},"81":{"start":{"line":285,"column":6},"end":{"line":285,"column":null}},"82":{"start":{"line":89,"column":4},"end":{"line":89,"column":null}},"83":{"start":{"line":94,"column":4},"end":{"line":94,"column":null}},"84":{"start":{"line":96,"column":4},"end":{"line":96,"column":null}},"85":{"start":{"line":98,"column":4},"end":{"line":100,"column":null}},"86":{"start":{"line":99,"column":6},"end":{"line":99,"column":null}},"87":{"start":{"line":102,"column":4},"end":{"line":102,"column":null}},"88":{"start":{"line":106,"column":4},"end":{"line":106,"column":null}},"89":{"start":{"line":108,"column":4},"end":{"line":108,"column":null}},"90":{"start":{"line":110,"column":21},"end":{"line":111,"column":null}},"91":{"start":{"line":111,"column":14},"end":{"line":111,"column":105}},"92":{"start":{"line":114,"column":4},"end":{"line":151,"column":null}},"93":{"start":{"line":115,"column":6},"end":{"line":131,"column":null}},"94":{"start":{"line":116,"column":8},"end":{"line":125,"column":null}},"95":{"start":{"line":117,"column":10},"end":{"line":117,"column":null}},"96":{"start":{"line":119,"column":10},"end":{"line":121,"column":null}},"97":{"start":{"line":120,"column":12},"end":{"line":120,"column":null}},"98":{"start":{"line":122,"column":23},"end":{"line":122,"column":37}},"99":{"start":{"line":124,"column":10},"end":{"line":124,"column":null}},"100":{"start":{"line":128,"column":8},"end":{"line":128,"column":null}},"101":{"start":{"line":130,"column":8},"end":{"line":130,"column":null}},"102":{"start":{"line":133,"column":6},"end":{"line":133,"column":null}},"103":{"start":{"line":134,"column":6},"end":{"line":134,"column":null}},"104":{"start":{"line":136,"column":23},"end":{"line":136,"column":76}},"105":{"start":{"line":136,"column":46},"end":{"line":136,"column":75}},"106":{"start":{"line":137,"column":6},"end":{"line":150,"column":null}},"107":{"start":{"line":138,"column":8},"end":{"line":149,"column":null}},"108":{"start":{"line":139,"column":27},"end":{"line":140,"column":null}},"109":{"start":{"line":140,"column":12},"end":{"line":140,"column":75}},"110":{"start":{"line":143,"column":10},"end":{"line":145,"column":null}},"111":{"start":{"line":144,"column":12},"end":{"line":144,"column":null}},"112":{"start":{"line":144,"column":60},"end":{"line":144,"column":65}},"113":{"start":{"line":147,"column":10},"end":{"line":147,"column":null}},"114":{"start":{"line":148,"column":10},"end":{"line":148,"column":null}},"115":{"start":{"line":201,"column":4},"end":{"line":209,"column":null}},"116":{"start":{"line":202,"column":20},"end":{"line":206,"column":8}},"117":{"start":{"line":203,"column":23},"end":{"line":203,"column":53}},"118":{"start":{"line":203,"column":47},"end":{"line":203,"column":52}},"119":{"start":{"line":205,"column":8},"end":{"line":205,"column":null}},"120":{"start":{"line":208,"column":6},"end":{"line":208,"column":null}},"121":{"start":{"line":293,"column":21},"end":{"line":293,"column":37}},"122":{"start":{"line":294,"column":27},"end":{"line":294,"column":56}},"123":{"start":{"line":296,"column":4},"end":{"line":298,"column":null}},"124":{"start":{"line":297,"column":6},"end":{"line":297,"column":null}},"125":{"start":{"line":317,"column":8},"end":{"line":317,"column":12}},"126":{"start":{"line":319,"column":4},"end":{"line":349,"column":null}},"127":{"start":{"line":330,"column":12},"end":{"line":330,"column":null}},"128":{"start":{"line":341,"column":14},"end":{"line":341,"column":null}},"129":{"start":{"line":3,"column":0},"end":{"line":3,"column":null}}},"fnMap":{"0":{"name":"(anonymous_0)","decl":{"start":{"line":3,"column":0},"end":{"line":3,"column":null}},"loc":{"start":{"line":3,"column":0},"end":{"line":351,"column":null}}},"1":{"name":"(anonymous_1)","decl":{"start":{"line":154,"column":29},"end":{"line":154,"column":32}},"loc":{"start":{"line":154,"column":34},"end":{"line":169,"column":3}}},"2":{"name":"(anonymous_2)","decl":{"start":{"line":171,"column":32},"end":{"line":171,"column":33}},"loc":{"start":{"line":171,"column":55},"end":{"line":198,"column":3}}},"3":{"name":"(anonymous_3)","decl":{"start":{"line":174,"column":22},"end":{"line":174,"column":27}},"loc":{"start":{"line":174,"column":30},"end":{"line":197,"column":5}}},"4":{"name":"(anonymous_4)","decl":{"start":{"line":176,"column":16},"end":{"line":176,"column":20}},"loc":{"start":{"line":177,"column":10},"end":{"line":180,"column":49}}},"5":{"name":"(anonymous_5)","decl":{"start":{"line":182,"column":13},"end":{"line":182,"column":17}},"loc":{"start":{"line":182,"column":20},"end":{"line":194,"column":9}}},"6":{"name":"(anonymous_6)","decl":{"start":{"line":212,"column":30},"end":{"line":212,"column":35}},"loc":{"start":{"line":212,"column":40},"end":{"line":254,"column":3}}},"7":{"name":"(anonymous_7)","decl":{"start":{"line":217,"column":52},"end":{"line":217,"column":53}},"loc":{"start":{"line":217,"column":72},"end":{"line":217,"column":90}}},"8":{"name":"(anonymous_8)","decl":{"start":{"line":226,"column":43},"end":{"line":226,"column":44}},"loc":{"start":{"line":226,"column":58},"end":{"line":226,"column":63}}},"9":{"name":"(anonymous_9)","decl":{"start":{"line":256,"column":33},"end":{"line":256,"column":38}},"loc":{"start":{"line":256,"column":43},"end":{"line":277,"column":3}}},"10":{"name":"(anonymous_10)","decl":{"start":{"line":269,"column":39},"end":{"line":269,"column":40}},"loc":{"start":{"line":269,"column":54},"end":{"line":269,"column":59}}},"11":{"name":"(anonymous_11)","decl":{"start":{"line":279,"column":26},"end":{"line":279,"column":27}},"loc":{"start":{"line":279,"column":38},"end":{"line":287,"column":3}}},"12":{"name":"(anonymous_12)","decl":{"start":{"line":88,"column":2},"end":{"line":88,"column":19}},"loc":{"start":{"line":88,"column":36},"end":{"line":90,"column":3}}},"13":{"name":"(anonymous_13)","decl":{"start":{"line":93,"column":2},"end":{"line":93,"column":20}},"loc":{"start":{"line":93,"column":20},"end":{"line":103,"column":3}}},"14":{"name":"(anonymous_14)","decl":{"start":{"line":105,"column":2},"end":{"line":105,"column":18}},"loc":{"start":{"line":105,"column":18},"end":{"line":152,"column":3}}},"15":{"name":"(anonymous_15)","decl":{"start":{"line":111,"column":6},"end":{"line":111,"column":10}},"loc":{"start":{"line":111,"column":14},"end":{"line":111,"column":105}}},"16":{"name":"(anonymous_16)","decl":{"start":{"line":115,"column":35},"end":{"line":115,"column":36}},"loc":{"start":{"line":115,"column":64},"end":{"line":131,"column":7}}},"17":{"name":"(anonymous_17)","decl":{"start":{"line":136,"column":38},"end":{"line":136,"column":42}},"loc":{"start":{"line":136,"column":46},"end":{"line":136,"column":75}}},"18":{"name":"(anonymous_18)","decl":{"start":{"line":139,"column":40},"end":{"line":139,"column":41}},"loc":{"start":{"line":140,"column":12},"end":{"line":140,"column":75}}},"19":{"name":"(anonymous_19)","decl":{"start":{"line":143,"column":37},"end":{"line":143,"column":40}},"loc":{"start":{"line":143,"column":42},"end":{"line":145,"column":11}}},"20":{"name":"(anonymous_20)","decl":{"start":{"line":144,"column":45},"end":{"line":144,"column":46}},"loc":{"start":{"line":144,"column":60},"end":{"line":144,"column":65}}},"21":{"name":"(anonymous_21)","decl":{"start":{"line":200,"column":10},"end":{"line":200,"column":28}},"loc":{"start":{"line":200,"column":41},"end":{"line":210,"column":3}}},"22":{"name":"(anonymous_22)","decl":{"start":{"line":201,"column":22},"end":{"line":201,"column":27}},"loc":{"start":{"line":201,"column":30},"end":{"line":209,"column":5}}},"23":{"name":"(anonymous_23)","decl":{"start":{"line":202,"column":39},"end":{"line":202,"column":43}},"loc":{"start":{"line":202,"column":46},"end":{"line":206,"column":7}}},"24":{"name":"(anonymous_24)","decl":{"start":{"line":203,"column":32},"end":{"line":203,"column":33}},"loc":{"start":{"line":203,"column":47},"end":{"line":203,"column":52}}},"25":{"name":"(anonymous_25)","decl":{"start":{"line":292,"column":10},"end":{"line":292,"column":28}},"loc":{"start":{"line":292,"column":30},"end":{"line":299,"column":3}}},"26":{"name":"(anonymous_26)","decl":{"start":{"line":301,"column":2},"end":{"line":301,"column":8}},"loc":{"start":{"line":301,"column":8},"end":{"line":350,"column":3}}},"27":{"name":"(anonymous_27)","decl":{"start":{"line":329,"column":15},"end":{"line":329,"column":17}},"loc":{"start":{"line":329,"column":20},"end":{"line":331,"column":11}}},"28":{"name":"(anonymous_28)","decl":{"start":{"line":340,"column":17},"end":{"line":340,"column":19}},"loc":{"start":{"line":340,"column":22},"end":{"line":342,"column":13}}}},"branchMap":{"0":{"loc":{"start":{"line":155,"column":4},"end":{"line":168,"column":null}},"type":"if","locations":[{"start":{"line":155,"column":4},"end":{"line":168,"column":null}},{"start":{"line":155,"column":4},"end":{"line":168,"column":null}}]},"1":{"loc":{"start":{"line":158,"column":6},"end":{"line":162,"column":null}},"type":"if","locations":[{"start":{"line":158,"column":6},"end":{"line":162,"column":null}},{"start":{"line":158,"column":6},"end":{"line":162,"column":null}}]},"2":{"loc":{"start":{"line":159,"column":8},"end":{"line":161,"column":null}},"type":"if","locations":[{"start":{"line":159,"column":8},"end":{"line":161,"column":null}},{"start":{"line":159,"column":8},"end":{"line":161,"column":null}}]},"3":{"loc":{"start":{"line":189,"column":10},"end":{"line":191,"column":null}},"type":"if","locations":[{"start":{"line":189,"column":10},"end":{"line":191,"column":null}},{"start":{"line":189,"column":10},"end":{"line":191,"column":null}}]},"4":{"loc":{"start":{"line":189,"column":14},"end":{"line":189,"column":20}},"type":"binary-expr","locations":[{"start":{"line":189,"column":14},"end":{"line":189,"column":20}},{"start":{"line":189,"column":24},"end":{"line":189,"column":40}}]},"5":{"loc":{"start":{"line":213,"column":4},"end":{"line":253,"column":null}},"type":"if","locations":[{"start":{"line":213,"column":4},"end":{"line":253,"column":null}},{"start":{"line":213,"column":4},"end":{"line":253,"column":null}}]},"6":{"loc":{"start":{"line":213,"column":8},"end":{"line":213,"column":16}},"type":"binary-expr","locations":[{"start":{"line":213,"column":8},"end":{"line":213,"column":16}},{"start":{"line":213,"column":20},"end":{"line":213,"column":34}}]},"7":{"loc":{"start":{"line":216,"column":6},"end":{"line":235,"column":null}},"type":"if","locations":[{"start":{"line":216,"column":6},"end":{"line":235,"column":null}},{"start":{"line":216,"column":6},"end":{"line":235,"column":null}}]},"8":{"loc":{"start":{"line":222,"column":8},"end":{"line":232,"column":null}},"type":"if","locations":[{"start":{"line":222,"column":8},"end":{"line":232,"column":null}},{"start":{"line":222,"column":8},"end":{"line":232,"column":null}}]},"9":{"loc":{"start":{"line":237,"column":6},"end":{"line":239,"column":null}},"type":"if","locations":[{"start":{"line":237,"column":6},"end":{"line":239,"column":null}},{"start":{"line":237,"column":6},"end":{"line":239,"column":null}}]},"10":{"loc":{"start":{"line":240,"column":11},"end":{"line":253,"column":null}},"type":"if","locations":[{"start":{"line":240,"column":11},"end":{"line":253,"column":null}},{"start":{"line":240,"column":11},"end":{"line":253,"column":null}}]},"11":{"loc":{"start":{"line":246,"column":6},"end":{"line":248,"column":null}},"type":"if","locations":[{"start":{"line":246,"column":6},"end":{"line":248,"column":null}},{"start":{"line":246,"column":6},"end":{"line":248,"column":null}}]},"12":{"loc":{"start":{"line":262,"column":4},"end":{"line":276,"column":null}},"type":"if","locations":[{"start":{"line":262,"column":4},"end":{"line":276,"column":null}},{"start":{"line":262,"column":4},"end":{"line":276,"column":null}}]},"13":{"loc":{"start":{"line":280,"column":4},"end":{"line":282,"column":null}},"type":"if","locations":[{"start":{"line":280,"column":4},"end":{"line":282,"column":null}},{"start":{"line":280,"column":4},"end":{"line":282,"column":null}}]},"14":{"loc":{"start":{"line":284,"column":4},"end":{"line":286,"column":null}},"type":"if","locations":[{"start":{"line":284,"column":4},"end":{"line":286,"column":null}},{"start":{"line":284,"column":4},"end":{"line":286,"column":null}}]},"15":{"loc":{"start":{"line":98,"column":4},"end":{"line":100,"column":null}},"type":"if","locations":[{"start":{"line":98,"column":4},"end":{"line":100,"column":null}},{"start":{"line":98,"column":4},"end":{"line":100,"column":null}}]},"16":{"loc":{"start":{"line":108,"column":34},"end":{"line":108,"column":42}},"type":"cond-expr","locations":[{"start":{"line":108,"column":34},"end":{"line":108,"column":42}},{"start":{"line":108,"column":45},"end":{"line":108,"column":51}}]},"17":{"loc":{"start":{"line":111,"column":14},"end":{"line":111,"column":49}},"type":"binary-expr","locations":[{"start":{"line":111,"column":14},"end":{"line":111,"column":49}},{"start":{"line":111,"column":54},"end":{"line":111,"column":77}},{"start":{"line":111,"column":81},"end":{"line":111,"column":104}}]},"18":{"loc":{"start":{"line":114,"column":4},"end":{"line":151,"column":null}},"type":"if","locations":[{"start":{"line":114,"column":4},"end":{"line":151,"column":null}},{"start":{"line":114,"column":4},"end":{"line":151,"column":null}}]},"19":{"loc":{"start":{"line":114,"column":8},"end":{"line":114,"column":22}},"type":"binary-expr","locations":[{"start":{"line":114,"column":8},"end":{"line":114,"column":22}},{"start":{"line":114,"column":26},"end":{"line":114,"column":45}}]},"20":{"loc":{"start":{"line":116,"column":8},"end":{"line":125,"column":null}},"type":"if","locations":[{"start":{"line":116,"column":8},"end":{"line":125,"column":null}},{"start":{"line":116,"column":8},"end":{"line":125,"column":null}}]},"21":{"loc":{"start":{"line":119,"column":10},"end":{"line":121,"column":null}},"type":"if","locations":[{"start":{"line":119,"column":10},"end":{"line":121,"column":null}},{"start":{"line":119,"column":10},"end":{"line":121,"column":null}}]},"22":{"loc":{"start":{"line":137,"column":6},"end":{"line":150,"column":null}},"type":"if","locations":[{"start":{"line":137,"column":6},"end":{"line":150,"column":null}},{"start":{"line":137,"column":6},"end":{"line":150,"column":null}}]},"23":{"loc":{"start":{"line":138,"column":8},"end":{"line":149,"column":null}},"type":"if","locations":[{"start":{"line":138,"column":8},"end":{"line":149,"column":null}},{"start":{"line":138,"column":8},"end":{"line":149,"column":null}}]},"24":{"loc":{"start":{"line":296,"column":4},"end":{"line":298,"column":null}},"type":"if","locations":[{"start":{"line":296,"column":4},"end":{"line":298,"column":null}},{"start":{"line":296,"column":4},"end":{"line":298,"column":null}}]}},"s":{"0":1,"1":1,"2":1,"3":1,"4":1,"5":1,"6":1,"7":1,"8":1,"9":1,"10":1,"11":1,"12":1,"13":1,"14":0,"15":0,"16":0,"17":0,"18":0,"19":0,"20":0,"21":0,"22":1,"23":0,"24":0,"25":0,"26":0,"27":0,"28":0,"29":0,"30":0,"31":0,"32":0,"33":0,"34":1,"35":0,"36":0,"37":0,"38":0,"39":0,"40":0,"41":0,"42":0,"43":0,"44":0,"45":0,"46":0,"47":0,"48":0,"49":0,"50":0,"51":0,"52":0,"53":0,"54":0,"55":0,"56":0,"57":0,"58":0,"59":0,"60":0,"61":0,"62":1,"63":0,"64":0,"65":0,"66":0,"67":0,"68":0,"69":0,"70":0,"71":0,"72":0,"73":0,"74":0,"75":0,"76":0,"77":1,"78":0,"79":0,"80":0,"81":0,"82":0,"83":0,"84":0,"85":0,"86":0,"87":0,"88":0,"89":0,"90":0,"91":0,"92":0,"93":0,"94":0,"95":0,"96":0,"97":0,"98":0,"99":0,"100":0,"101":0,"102":0,"103":0,"104":0,"105":0,"106":0,"107":0,"108":0,"109":0,"110":0,"111":0,"112":0,"113":0,"114":0,"115":0,"116":0,"117":0,"118":0,"119":0,"120":0,"121":0,"122":0,"123":0,"124":0,"125":0,"126":0,"127":0,"128":0,"129":1},"f":{"0":1,"1":0,"2":0,"3":0,"4":0,"5":0,"6":0,"7":0,"8":0,"9":0,"10":0,"11":0,"12":0,"13":0,"14":0,"15":0,"16":0,"17":0,"18":0,"19":0,"20":0,"21":0,"22":0,"23":0,"24":0,"25":0,"26":0,"27":0,"28":0},"b":{"0":[0,0],"1":[0,0],"2":[0,0],"3":[0,0],"4":[0,0],"5":[0,0],"6":[0,0],"7":[0,0],"8":[0,0],"9":[0,0],"10":[0,0],"11":[0,0],"12":[0,0],"13":[0,0],"14":[0,0],"15":[0,0],"16":[0,0],"17":[0,0,0],"18":[0,0],"19":[0,0],"20":[0,0],"21":[0,0],"22":[0,0],"23":[0,0],"24":[0,0]}}
,"/Users/larss/Projects/core-component-library/packages/core-component-library/src/components/avatar/avatar.tsx": {"path":"/Users/larss/Projects/core-component-library/packages/core-component-library/src/components/avatar/avatar.tsx","statementMap":{"0":{"start":{"line":1,"column":0},"end":{"line":1,"column":56}},"1":{"start":{"line":12,"column":19},"end":{"line":12,"column":null}},"2":{"start":{"line":17,"column":19},"end":{"line":17,"column":null}},"3":{"start":{"line":22,"column":19},"end":{"line":22,"column":null}},"4":{"start":{"line":28,"column":38},"end":{"line":28,"column":42}},"5":{"start":{"line":30,"column":4},"end":{"line":36,"column":null}},"6":{"start":{"line":31,"column":6},"end":{"line":35,"column":null}},"7":{"start":{"line":38,"column":4},"end":{"line":44,"column":null}},"8":{"start":{"line":39,"column":6},"end":{"line":41,"column":null}},"9":{"start":{"line":40,"column":8},"end":{"line":40,"column":null}},"10":{"start":{"line":43,"column":6},"end":{"line":43,"column":null}},"11":{"start":{"line":46,"column":4},"end":{"line":52,"column":null}},"12":{"start":{"line":47,"column":6},"end":{"line":51,"column":null}},"13":{"start":{"line":54,"column":4},"end":{"line":54,"column":null}},"14":{"start":{"line":58,"column":4},"end":{"line":79,"column":null}},"15":{"start":{"line":3,"column":0},"end":{"line":3,"column":null}}},"fnMap":{"0":{"name":"(anonymous_0)","decl":{"start":{"line":3,"column":0},"end":{"line":3,"column":null}},"loc":{"start":{"line":3,"column":0},"end":{"line":81,"column":null}}},"1":{"name":"(anonymous_1)","decl":{"start":{"line":27,"column":10},"end":{"line":27,"column":20}},"loc":{"start":{"line":27,"column":20},"end":{"line":55,"column":3}}},"2":{"name":"(anonymous_2)","decl":{"start":{"line":57,"column":2},"end":{"line":57,"column":8}},"loc":{"start":{"line":57,"column":8},"end":{"line":80,"column":3}}}},"branchMap":{"0":{"loc":{"start":{"line":30,"column":4},"end":{"line":36,"column":null}},"type":"if","locations":[{"start":{"line":30,"column":4},"end":{"line":36,"column":null}},{"start":{"line":30,"column":4},"end":{"line":36,"column":null}}]},"1":{"loc":{"start":{"line":38,"column":4},"end":{"line":44,"column":null}},"type":"if","locations":[{"start":{"line":38,"column":4},"end":{"line":44,"column":null}},{"start":{"line":38,"column":4},"end":{"line":44,"column":null}}]},"2":{"loc":{"start":{"line":39,"column":6},"end":{"line":41,"column":null}},"type":"if","locations":[{"start":{"line":39,"column":6},"end":{"line":41,"column":null}},{"start":{"line":39,"column":6},"end":{"line":41,"column":null}}]},"3":{"loc":{"start":{"line":46,"column":4},"end":{"line":52,"column":null}},"type":"if","locations":[{"start":{"line":46,"column":4},"end":{"line":52,"column":null}},{"start":{"line":46,"column":4},"end":{"line":52,"column":null}}]}},"s":{"0":1,"1":1,"2":1,"3":1,"4":0,"5":0,"6":0,"7":0,"8":0,"9":0,"10":0,"11":0,"12":0,"13":0,"14":0,"15":1},"f":{"0":1,"1":0,"2":0},"b":{"0":[0,0],"1":[0,0],"2":[0,0],"3":[0,0]}}
,"/Users/larss/Projects/core-component-library/packages/core-component-library/src/components/button/button.tsx": {"path":"/Users/larss/Projects/core-component-library/packages/core-component-library/src/components/button/button.tsx","statementMap":{"0":{"start":{"line":1,"column":0},"end":{"line":1,"column":56}},"1":{"start":{"line":12,"column":36},"end":{"line":12,"column":null}},"2":{"start":{"line":17,"column":36},"end":{"line":17,"column":null}},"3":{"start":{"line":22,"column":36},"end":{"line":22,"column":null}},"4":{"start":{"line":28,"column":19},"end":{"line":28,"column":null}},"5":{"start":{"line":33,"column":36},"end":{"line":33,"column":null}},"6":{"start":{"line":38,"column":36},"end":{"line":38,"column":null}},"7":{"start":{"line":43,"column":19},"end":{"line":43,"column":null}},"8":{"start":{"line":48,"column":19},"end":{"line":48,"column":null}},"9":{"start":{"line":53,"column":36},"end":{"line":53,"column":null}},"10":{"start":{"line":58,"column":19},"end":{"line":58,"column":null}},"11":{"start":{"line":61,"column":54},"end":{"line":61,"column":58}},"12":{"start":{"line":63,"column":4},"end":{"line":71,"column":null}},"13":{"start":{"line":3,"column":0},"end":{"line":3,"column":null}}},"fnMap":{"0":{"name":"(anonymous_0)","decl":{"start":{"line":3,"column":0},"end":{"line":3,"column":null}},"loc":{"start":{"line":3,"column":0},"end":{"line":73,"column":null}}},"1":{"name":"(anonymous_1)","decl":{"start":{"line":60,"column":2},"end":{"line":60,"column":8}},"loc":{"start":{"line":60,"column":8},"end":{"line":72,"column":3}}}},"branchMap":{"0":{"loc":{"start":{"line":66,"column":22},"end":{"line":66,"column":70}},"type":"cond-expr","locations":[{"start":{"line":66,"column":22},"end":{"line":66,"column":70}},{"start":{"line":66,"column":73},"end":{"line":66,"column":77}}]},"1":{"loc":{"start":{"line":67,"column":30},"end":{"line":67,"column":87}},"type":"cond-expr","locations":[{"start":{"line":67,"column":30},"end":{"line":67,"column":87}},{"start":{"line":67,"column":90},"end":{"line":67,"column":94}}]}},"s":{"0":1,"1":1,"2":1,"3":1,"4":1,"5":1,"6":1,"7":1,"8":1,"9":1,"10":1,"11":0,"12":0,"13":1},"f":{"0":1,"1":0},"b":{"0":[0,0],"1":[0,0]}}
,"/Users/larss/Projects/core-component-library/packages/core-component-library/src/components/checkbox/checkbox.tsx": {"path":"/Users/larss/Projects/core-component-library/packages/core-component-library/src/components/checkbox/checkbox.tsx","statementMap":{"0":{"start":{"line":6,"column":0},"end":{"line":6,"column":113}},"1":{"start":{"line":8,"column":0},"end":{"line":8,"column":60}},"2":{"start":{"line":10,"column":15},"end":{"line":10,"column":16}},"3":{"start":{"line":18,"column":10},"end":{"line":18,"column":null}},"4":{"start":{"line":27,"column":27},"end":{"line":27,"column":null}},"5":{"start":{"line":32,"column":27},"end":{"line":32,"column":null}},"6":{"start":{"line":37,"column":27},"end":{"line":37,"column":null}},"7":{"start":{"line":42,"column":27},"end":{"line":42,"column":null}},"8":{"start":{"line":47,"column":27},"end":{"line":47,"column":null}},"9":{"start":{"line":52,"column":36},"end":{"line":52,"column":null}},"10":{"start":{"line":57,"column":19},"end":{"line":57,"column":null}},"11":{"start":{"line":74,"column":10},"end":{"line":76,"column":null}},"12":{"start":{"line":75,"column":4},"end":{"line":75,"column":null}},"13":{"start":{"line":78,"column":10},"end":{"line":81,"column":null}},"14":{"start":{"line":79,"column":4},"end":{"line":79,"column":null}},"15":{"start":{"line":80,"column":4},"end":{"line":80,"column":null}},"16":{"start":{"line":83,"column":10},"end":{"line":85,"column":null}},"17":{"start":{"line":84,"column":4},"end":{"line":84,"column":null}},"18":{"start":{"line":97,"column":10},"end":{"line":101,"column":null}},"19":{"start":{"line":98,"column":4},"end":{"line":100,"column":null}},"20":{"start":{"line":99,"column":6},"end":{"line":99,"column":null}},"21":{"start":{"line":89,"column":4},"end":{"line":89,"column":null}},"22":{"start":{"line":90,"column":20},"end":{"line":90,"column":39}},"23":{"start":{"line":91,"column":4},"end":{"line":94,"column":null}},"24":{"start":{"line":117,"column":8},"end":{"line":117,"column":12}},"25":{"start":{"line":118,"column":20},"end":{"line":118,"column":46}},"26":{"start":{"line":119,"column":21},"end":{"line":119,"column":85}},"27":{"start":{"line":120,"column":27},"end":{"line":120,"column":79}},"28":{"start":{"line":121,"column":27},"end":{"line":121,"column":48}},"29":{"start":{"line":123,"column":4},"end":{"line":123,"column":null}},"30":{"start":{"line":125,"column":4},"end":{"line":164,"column":null}},"31":{"start":{"line":145,"column":12},"end":{"line":145,"column":null}},"32":{"start":{"line":12,"column":0},"end":{"line":12,"column":null}}},"fnMap":{"0":{"name":"(anonymous_0)","decl":{"start":{"line":12,"column":0},"end":{"line":12,"column":null}},"loc":{"start":{"line":12,"column":0},"end":{"line":166,"column":null}}},"1":{"name":"(anonymous_1)","decl":{"start":{"line":74,"column":19},"end":{"line":74,"column":22}},"loc":{"start":{"line":74,"column":24},"end":{"line":76,"column":3}}},"2":{"name":"(anonymous_2)","decl":{"start":{"line":78,"column":20},"end":{"line":78,"column":23}},"loc":{"start":{"line":78,"column":25},"end":{"line":81,"column":3}}},"3":{"name":"(anonymous_3)","decl":{"start":{"line":83,"column":20},"end":{"line":83,"column":23}},"loc":{"start":{"line":83,"column":25},"end":{"line":85,"column":3}}},"4":{"name":"(anonymous_4)","decl":{"start":{"line":97,"column":21},"end":{"line":97,"column":24}},"loc":{"start":{"line":97,"column":26},"end":{"line":101,"column":3}}},"5":{"name":"(anonymous_5)","decl":{"start":{"line":88,"column":2},"end":{"line":88,"column":16}},"loc":{"start":{"line":88,"column":65},"end":{"line":95,"column":3}}},"6":{"name":"(anonymous_6)","decl":{"start":{"line":103,"column":2},"end":{"line":103,"column":8}},"loc":{"start":{"line":103,"column":8},"end":{"line":165,"column":3}}},"7":{"name":"(anonymous_7)","decl":{"start":{"line":144,"column":15},"end":{"line":144,"column":22}},"loc":{"start":{"line":144,"column":25},"end":{"line":146,"column":11}}}},"branchMap":{"0":{"loc":{"start":{"line":80,"column":44},"end":{"line":80,"column":55}},"type":"cond-expr","locations":[{"start":{"line":80,"column":44},"end":{"line":80,"column":55}},{"start":{"line":80,"column":58},"end":{"line":80,"column":67}}]},"1":{"loc":{"start":{"line":98,"column":4},"end":{"line":100,"column":null}},"type":"if","locations":[{"start":{"line":98,"column":4},"end":{"line":100,"column":null}},{"start":{"line":98,"column":4},"end":{"line":100,"column":null}}]},"2":{"loc":{"start":{"line":119,"column":49},"end":{"line":119,"column":63}},"type":"cond-expr","locations":[{"start":{"line":119,"column":49},"end":{"line":119,"column":63}},{"start":{"line":119,"column":66},"end":{"line":119,"column":85}}]},"3":{"loc":{"start":{"line":120,"column":38},"end":{"line":120,"column":60}},"type":"cond-expr","locations":[{"start":{"line":120,"column":38},"end":{"line":120,"column":60}},{"start":{"line":120,"column":63},"end":{"line":120,"column":79}}]},"4":{"loc":{"start":{"line":123,"column":50},"end":{"line":123,"column":55}},"type":"cond-expr","locations":[{"start":{"line":123,"column":50},"end":{"line":123,"column":55}},{"start":{"line":123,"column":58},"end":{"line":123,"column":60}}]},"5":{"loc":{"start":{"line":129,"column":50},"end":{"line":129,"column":57}},"type":"cond-expr","locations":[{"start":{"line":129,"column":50},"end":{"line":129,"column":57}},{"start":{"line":129,"column":60},"end":{"line":129,"column":79}}]},"6":{"loc":{"start":{"line":148,"column":11},"end":{"line":148,"column":25}},"type":"binary-expr","locations":[{"start":{"line":148,"column":11},"end":{"line":148,"column":25}},{"start":{"line":148,"column":29},"end":{"line":148,"column":64}}]},"7":{"loc":{"start":{"line":151,"column":10},"end":{"line":151,"column":19}},"type":"binary-expr","locations":[{"start":{"line":151,"column":10},"end":{"line":151,"column":19}},{"start":{"line":151,"column":23},"end":{"line":151,"column":32}},{"start":{"line":152,"column":10},"end":{"line":160,"column":null}}]}},"s":{"0":1,"1":1,"2":1,"3":1,"4":1,"5":1,"6":1,"7":1,"8":1,"9":1,"10":1,"11":1,"12":0,"13":1,"14":0,"15":0,"16":1,"17":0,"18":1,"19":0,"20":0,"21":0,"22":0,"23":0,"24":0,"25":0,"26":0,"27":0,"28":0,"29":0,"30":0,"31":0,"32":1},"f":{"0":1,"1":0,"2":0,"3":0,"4":0,"5":0,"6":0,"7":0},"b":{"0":[0,0],"1":[0,0],"2":[0,0],"3":[0,0],"4":[0,0],"5":[0,0],"6":[0,0],"7":[0,0,0]}}
,"/Users/larss/Projects/core-component-library/packages/core-component-library/src/components/chip/chip.tsx": {"path":"/Users/larss/Projects/core-component-library/packages/core-component-library/src/components/chip/chip.tsx","statementMap":{"0":{"start":{"line":1,"column":0},"end":{"line":1,"column":108}},"1":{"start":{"line":2,"column":0},"end":{"line":2,"column":21}},"2":{"start":{"line":13,"column":11},"end":{"line":13,"column":null}},"3":{"start":{"line":18,"column":10},"end":{"line":18,"column":null}},"4":{"start":{"line":23,"column":27},"end":{"line":23,"column":null}},"5":{"start":{"line":28,"column":27},"end":{"line":28,"column":null}},"6":{"start":{"line":33,"column":27},"end":{"line":33,"column":null}},"7":{"start":{"line":38,"column":27},"end":{"line":38,"column":null}},"8":{"start":{"line":43,"column":27},"end":{"line":43,"column":null}},"9":{"start":{"line":48,"column":27},"end":{"line":48,"column":null}},"10":{"start":{"line":53,"column":27},"end":{"line":53,"column":null}},"11":{"start":{"line":123,"column":10},"end":{"line":133,"column":null}},"12":{"start":{"line":124,"column":4},"end":{"line":132,"column":null}},"13":{"start":{"line":138,"column":10},"end":{"line":144,"column":null}},"14":{"start":{"line":139,"column":4},"end":{"line":141,"column":null}},"15":{"start":{"line":140,"column":6},"end":{"line":140,"column":null}},"16":{"start":{"line":143,"column":4},"end":{"line":143,"column":null}},"17":{"start":{"line":74,"column":4},"end":{"line":74,"column":null}},"18":{"start":{"line":79,"column":4},"end":{"line":79,"column":null}},"19":{"start":{"line":85,"column":4},"end":{"line":85,"column":null}},"20":{"start":{"line":93,"column":4},"end":{"line":95,"column":null}},"21":{"start":{"line":94,"column":6},"end":{"line":94,"column":null}},"22":{"start":{"line":103,"column":4},"end":{"line":105,"column":null}},"23":{"start":{"line":104,"column":6},"end":{"line":104,"column":12}},"24":{"start":{"line":107,"column":19},"end":{"line":109,"column":5}},"25":{"start":{"line":108,"column":6},"end":{"line":108,"column":null}},"26":{"start":{"line":111,"column":4},"end":{"line":111,"column":null}},"27":{"start":{"line":113,"column":4},"end":{"line":117,"column":null}},"28":{"start":{"line":114,"column":6},"end":{"line":114,"column":null}},"29":{"start":{"line":116,"column":6},"end":{"line":116,"column":null}},"30":{"start":{"line":147,"column":4},"end":{"line":147,"column":null}},"31":{"start":{"line":160,"column":8},"end":{"line":160,"column":12}},"32":{"start":{"line":162,"column":23},"end":{"line":164,"column":null}},"33":{"start":{"line":166,"column":4},"end":{"line":181,"column":null}},"34":{"start":{"line":4,"column":0},"end":{"line":4,"column":null}}},"fnMap":{"0":{"name":"(anonymous_1)","decl":{"start":{"line":4,"column":0},"end":{"line":4,"column":null}},"loc":{"start":{"line":4,"column":0},"end":{"line":183,"column":null}}},"1":{"name":"(anonymous_2)","decl":{"start":{"line":123,"column":29},"end":{"line":123,"column":32}},"loc":{"start":{"line":123,"column":34},"end":{"line":133,"column":3}}},"2":{"name":"(anonymous_3)","decl":{"start":{"line":138,"column":30},"end":{"line":138,"column":33}},"loc":{"start":{"line":138,"column":35},"end":{"line":144,"column":3}}},"3":{"name":"(anonymous_4)","decl":{"start":{"line":73,"column":2},"end":{"line":73,"column":21}},"loc":{"start":{"line":73,"column":21},"end":{"line":75,"column":3}}},"4":{"name":"(anonymous_5)","decl":{"start":{"line":78,"column":2},"end":{"line":78,"column":17}},"loc":{"start":{"line":78,"column":17},"end":{"line":80,"column":3}}},"5":{"name":"(anonymous_6)","decl":{"start":{"line":84,"column":2},"end":{"line":84,"column":16}},"loc":{"start":{"line":84,"column":16},"end":{"line":86,"column":3}}},"6":{"name":"(anonymous_7)","decl":{"start":{"line":92,"column":2},"end":{"line":92,"column":13}},"loc":{"start":{"line":92,"column":13},"end":{"line":96,"column":3}}},"7":{"name":"(anonymous_8)","decl":{"start":{"line":102,"column":2},"end":{"line":102,"column":13}},"loc":{"start":{"line":102,"column":26},"end":{"line":118,"column":3}}},"8":{"name":"(anonymous_9)","decl":{"start":{"line":107,"column":19},"end":{"line":107,"column":26}},"loc":{"start":{"line":107,"column":29},"end":{"line":109,"column":5}}},"9":{"name":"(anonymous_10)","decl":{"start":{"line":146,"column":2},"end":{"line":146,"column":19}},"loc":{"start":{"line":146,"column":19},"end":{"line":148,"column":3}}},"10":{"name":"(anonymous_11)","decl":{"start":{"line":150,"column":2},"end":{"line":150,"column":8}},"loc":{"start":{"line":150,"column":8},"end":{"line":182,"column":3}}}},"branchMap":{"0":{"loc":{"start":{"line":139,"column":4},"end":{"line":141,"column":null}},"type":"if","locations":[{"start":{"line":139,"column":4},"end":{"line":141,"column":null}},{"start":{"line":139,"column":4},"end":{"line":141,"column":null}}]},"1":{"loc":{"start":{"line":93,"column":4},"end":{"line":95,"column":null}},"type":"if","locations":[{"start":{"line":93,"column":4},"end":{"line":95,"column":null}},{"start":{"line":93,"column":4},"end":{"line":95,"column":null}}]},"2":{"loc":{"start":{"line":103,"column":4},"end":{"line":105,"column":null}},"type":"if","locations":[{"start":{"line":103,"column":4},"end":{"line":105,"column":null}},{"start":{"line":103,"column":4},"end":{"line":105,"column":null}}]},"3":{"loc":{"start":{"line":108,"column":13},"end":{"line":108,"column":30}},"type":"binary-expr","locations":[{"start":{"line":108,"column":13},"end":{"line":108,"column":30}},{"start":{"line":108,"column":34},"end":{"line":108,"column":74}}]},"4":{"loc":{"start":{"line":113,"column":4},"end":{"line":117,"column":null}},"type":"if","locations":[{"start":{"line":113,"column":4},"end":{"line":117,"column":null}},{"start":{"line":113,"column":4},"end":{"line":117,"column":null}}]},"5":{"loc":{"start":{"line":175,"column":11},"end":{"line":175,"column":34}},"type":"binary-expr","locations":[{"start":{"line":175,"column":11},"end":{"line":175,"column":34}},{"start":{"line":175,"column":38},"end":{"line":175,"column":46}},{"start":{"line":175,"column":50},"end":{"line":175,"column":68}}]},"6":{"loc":{"start":{"line":177,"column":11},"end":{"line":177,"column":18}},"type":"binary-expr","locations":[{"start":{"line":177,"column":11},"end":{"line":177,"column":18}},{"start":{"line":177,"column":22},"end":{"line":177,"column":41}}]},"7":{"loc":{"start":{"line":178,"column":11},"end":{"line":178,"column":35}},"type":"binary-expr","locations":[{"start":{"line":178,"column":11},"end":{"line":178,"column":35}},{"start":{"line":178,"column":39},"end":{"line":178,"column":47}},{"start":{"line":178,"column":51},"end":{"line":178,"column":69}}]}},"s":{"0":1,"1":1,"2":1,"3":1,"4":1,"5":1,"6":1,"7":1,"8":1,"9":1,"10":1,"11":1,"12":0,"13":1,"14":0,"15":0,"16":0,"17":0,"18":0,"19":0,"20":0,"21":0,"22":0,"23":0,"24":0,"25":0,"26":0,"27":0,"28":0,"29":0,"30":0,"31":0,"32":0,"33":0,"34":1},"f":{"0":1,"1":0,"2":0,"3":0,"4":0,"5":0,"6":0,"7":0,"8":0,"9":0,"10":0},"b":{"0":[0,0],"1":[0,0],"2":[0,0],"3":[0,0],"4":[0,0],"5":[0,0,0],"6":[0,0],"7":[0,0,0]}}
,"/Users/larss/Projects/core-component-library/packages/core-component-library/src/components/date-picker/date-picker.tsx": {"path":"/Users/larss/Projects/core-component-library/packages/core-component-library/src/components/date-picker/date-picker.tsx","statementMap":{"0":{"start":{"line":1,"column":0},"end":{"line":1,"column":108}},"1":{"start":{"line":2,"column":0},"end":{"line":2,"column":21}},"2":{"start":{"line":13,"column":11},"end":{"line":13,"column":null}},"3":{"start":{"line":18,"column":11},"end":{"line":18,"column":null}},"4":{"start":{"line":23,"column":11},"end":{"line":23,"column":null}},"5":{"start":{"line":33,"column":11},"end":{"line":33,"column":null}},"6":{"start":{"line":38,"column":11},"end":{"line":38,"column":null}},"7":{"start":{"line":53,"column":27},"end":{"line":53,"column":null}},"8":{"start":{"line":58,"column":42},"end":{"line":58,"column":null}},"9":{"start":{"line":63,"column":42},"end":{"line":63,"column":null}},"10":{"start":{"line":68,"column":19},"end":{"line":68,"column":null}},"11":{"start":{"line":73,"column":19},"end":{"line":73,"column":null}},"12":{"start":{"line":78,"column":19},"end":{"line":78,"column":null}},"13":{"start":{"line":83,"column":42},"end":{"line":83,"column":null}},"14":{"start":{"line":88,"column":27},"end":{"line":88,"column":null}},"15":{"start":{"line":93,"column":27},"end":{"line":93,"column":null}},"16":{"start":{"line":98,"column":19},"end":{"line":98,"column":null}},"17":{"start":{"line":108,"column":42},"end":{"line":108,"column":null}},"18":{"start":{"line":113,"column":19},"end":{"line":113,"column":null}},"19":{"start":{"line":144,"column":19},"end":{"line":144,"column":null}},"20":{"start":{"line":149,"column":19},"end":{"line":149,"column":null}},"21":{"start":{"line":157,"column":10},"end":{"line":157,"column":null}},"22":{"start":{"line":159,"column":10},"end":{"line":159,"column":null}},"23":{"start":{"line":161,"column":10},"end":{"line":161,"column":null}},"24":{"start":{"line":163,"column":10},"end":{"line":163,"column":null}},"25":{"start":{"line":202,"column":10},"end":{"line":238,"column":null}},"26":{"start":{"line":206,"column":17},"end":{"line":206,"column":54}},"27":{"start":{"line":208,"column":4},"end":{"line":214,"column":null}},"28":{"start":{"line":209,"column":6},"end":{"line":209,"column":null}},"29":{"start":{"line":210,"column":6},"end":{"line":210,"column":null}},"30":{"start":{"line":212,"column":6},"end":{"line":212,"column":null}},"31":{"start":{"line":213,"column":6},"end":{"line":213,"column":null}},"32":{"start":{"line":216,"column":4},"end":{"line":219,"column":null}},"33":{"start":{"line":217,"column":6},"end":{"line":217,"column":null}},"34":{"start":{"line":218,"column":6},"end":{"line":218,"column":null}},"35":{"start":{"line":220,"column":4},"end":{"line":223,"column":null}},"36":{"start":{"line":221,"column":6},"end":{"line":221,"column":null}},"37":{"start":{"line":222,"column":6},"end":{"line":222,"column":null}},"38":{"start":{"line":224,"column":4},"end":{"line":226,"column":null}},"39":{"start":{"line":225,"column":6},"end":{"line":225,"column":null}},"40":{"start":{"line":227,"column":4},"end":{"line":229,"column":null}},"41":{"start":{"line":228,"column":6},"end":{"line":228,"column":null}},"42":{"start":{"line":231,"column":4},"end":{"line":234,"column":null}},"43":{"start":{"line":232,"column":6},"end":{"line":232,"column":null}},"44":{"start":{"line":233,"column":6},"end":{"line":233,"column":null}},"45":{"start":{"line":236,"column":4},"end":{"line":236,"column":null}},"46":{"start":{"line":237,"column":4},"end":{"line":237,"column":null}},"47":{"start":{"line":244,"column":10},"end":{"line":310,"column":null}},"48":{"start":{"line":246,"column":17},"end":{"line":246,"column":54}},"49":{"start":{"line":248,"column":20},"end":{"line":248,"column":79}},"50":{"start":{"line":249,"column":22},"end":{"line":249,"column":52}},"51":{"start":{"line":250,"column":22},"end":{"line":250,"column":75}},"52":{"start":{"line":252,"column":4},"end":{"line":254,"column":null}},"53":{"start":{"line":253,"column":6},"end":{"line":253,"column":12}},"54":{"start":{"line":256,"column":4},"end":{"line":256,"column":null}},"55":{"start":{"line":258,"column":4},"end":{"line":272,"column":null}},"56":{"start":{"line":259,"column":6},"end":{"line":262,"column":null}},"57":{"start":{"line":263,"column":11},"end":{"line":272,"column":null}},"58":{"start":{"line":266,"column":6},"end":{"line":269,"column":null}},"59":{"start":{"line":271,"column":6},"end":{"line":271,"column":null}},"60":{"start":{"line":274,"column":18},"end":{"line":274,"column":46}},"61":{"start":{"line":275,"column":20},"end":{"line":275,"column":50}},"62":{"start":{"line":277,"column":4},"end":{"line":277,"column":null}},"63":{"start":{"line":279,"column":4},"end":{"line":284,"column":null}},"64":{"start":{"line":280,"column":6},"end":{"line":280,"column":null}},"65":{"start":{"line":282,"column":6},"end":{"line":282,"column":null}},"66":{"start":{"line":283,"column":6},"end":{"line":283,"column":12}},"67":{"start":{"line":286,"column":4},"end":{"line":303,"column":null}},"68":{"start":{"line":287,"column":6},"end":{"line":290,"column":null}},"69":{"start":{"line":288,"column":8},"end":{"line":288,"column":null}},"70":{"start":{"line":289,"column":8},"end":{"line":289,"column":14}},"71":{"start":{"line":292,"column":6},"end":{"line":302,"column":null}},"72":{"start":{"line":293,"column":8},"end":{"line":296,"column":null}},"73":{"start":{"line":294,"column":10},"end":{"line":294,"column":null}},"74":{"start":{"line":295,"column":10},"end":{"line":295,"column":16}},"75":{"start":{"line":298,"column":8},"end":{"line":301,"column":null}},"76":{"start":{"line":299,"column":10},"end":{"line":299,"column":null}},"77":{"start":{"line":300,"column":10},"end":{"line":300,"column":16}},"78":{"start":{"line":305,"column":4},"end":{"line":309,"column":null}},"79":{"start":{"line":306,"column":6},"end":{"line":308,"column":null}},"80":{"start":{"line":307,"column":8},"end":{"line":307,"column":null}},"81":{"start":{"line":312,"column":10},"end":{"line":383,"column":null}},"82":{"start":{"line":313,"column":22},"end":{"line":313,"column":41}},"83":{"start":{"line":315,"column":4},"end":{"line":317,"column":null}},"84":{"start":{"line":316,"column":6},"end":{"line":316,"column":12}},"85":{"start":{"line":319,"column":22},"end":{"line":319,"column":53}},"86":{"start":{"line":320,"column":21},"end":{"line":320,"column":44}},"87":{"start":{"line":322,"column":4},"end":{"line":382,"column":null}},"88":{"start":{"line":323,"column":6},"end":{"line":325,"column":null}},"89":{"start":{"line":324,"column":8},"end":{"line":324,"column":null}},"90":{"start":{"line":327,"column":45},"end":{"line":327,"column":61}},"91":{"start":{"line":328,"column":25},"end":{"line":328,"column":44}},"92":{"start":{"line":329,"column":20},"end":{"line":329,"column":37}},"93":{"start":{"line":330,"column":22},"end":{"line":330,"column":39}},"94":{"start":{"line":333,"column":31},"end":{"line":333,"column":56}},"95":{"start":{"line":336,"column":6},"end":{"line":338,"column":null}},"96":{"start":{"line":337,"column":9},"end":{"line":337,"column":null}},"97":{"start":{"line":340,"column":19},"end":{"line":340,"column":49}},"98":{"start":{"line":341,"column":26},"end":{"line":341,"column":60}},"99":{"start":{"line":342,"column":24},"end":{"line":342,"column":37}},"100":{"start":{"line":344,"column":6},"end":{"line":346,"column":null}},"101":{"start":{"line":345,"column":8},"end":{"line":345,"column":null}},"102":{"start":{"line":348,"column":6},"end":{"line":350,"column":null}},"103":{"start":{"line":349,"column":8},"end":{"line":349,"column":null}},"104":{"start":{"line":352,"column":6},"end":{"line":354,"column":null}},"105":{"start":{"line":353,"column":8},"end":{"line":353,"column":null}},"106":{"start":{"line":356,"column":6},"end":{"line":358,"column":null}},"107":{"start":{"line":357,"column":8},"end":{"line":357,"column":null}},"108":{"start":{"line":360,"column":6},"end":{"line":360,"column":null}},"109":{"start":{"line":361,"column":6},"end":{"line":361,"column":null}},"110":{"start":{"line":363,"column":6},"end":{"line":363,"column":null}},"111":{"start":{"line":365,"column":24},"end":{"line":365,"column":45}},"112":{"start":{"line":367,"column":6},"end":{"line":367,"column":null}},"113":{"start":{"line":368,"column":6},"end":{"line":368,"column":null}},"114":{"start":{"line":369,"column":6},"end":{"line":369,"column":null}},"115":{"start":{"line":371,"column":6},"end":{"line":371,"column":null}},"116":{"start":{"line":372,"column":6},"end":{"line":372,"column":null}},"117":{"start":{"line":373,"column":6},"end":{"line":373,"column":null}},"118":{"start":{"line":374,"column":6},"end":{"line":374,"column":null}},"119":{"start":{"line":375,"column":6},"end":{"line":375,"column":null}},"120":{"start":{"line":377,"column":6},"end":{"line":377,"column":null}},"121":{"start":{"line":379,"column":6},"end":{"line":379,"column":null}},"122":{"start":{"line":380,"column":6},"end":{"line":380,"column":null}},"123":{"start":{"line":381,"column":6},"end":{"line":381,"column":null}},"124":{"start":{"line":385,"column":10},"end":{"line":399,"column":null}},"125":{"start":{"line":386,"column":4},"end":{"line":390,"column":null}},"126":{"start":{"line":387,"column":6},"end":{"line":387,"column":null}},"127":{"start":{"line":388,"column":6},"end":{"line":388,"column":null}},"128":{"start":{"line":389,"column":6},"end":{"line":389,"column":null}},"129":{"start":{"line":392,"column":4},"end":{"line":398,"column":null}},"130":{"start":{"line":393,"column":6},"end":{"line":393,"column":null}},"131":{"start":{"line":394,"column":6},"end":{"line":394,"column":null}},"132":{"start":{"line":395,"column":6},"end":{"line":395,"column":null}},"133":{"start":{"line":396,"column":6},"end":{"line":396,"column":null}},"134":{"start":{"line":397,"column":6},"end":{"line":397,"column":null}},"135":{"start":{"line":463,"column":10},"end":{"line":469,"column":null}},"136":{"start":{"line":464,"column":4},"end":{"line":466,"column":null}},"137":{"start":{"line":465,"column":6},"end":{"line":465,"column":null}},"138":{"start":{"line":468,"column":4},"end":{"line":468,"column":null}},"139":{"start":{"line":501,"column":10},"end":{"line":537,"column":null}},"140":{"start":{"line":502,"column":4},"end":{"line":504,"column":null}},"141":{"start":{"line":503,"column":6},"end":{"line":503,"column":null}},"142":{"start":{"line":506,"column":4},"end":{"line":512,"column":null}},"143":{"start":{"line":507,"column":6},"end":{"line":509,"column":null}},"144":{"start":{"line":508,"column":8},"end":{"line":508,"column":null}},"145":{"start":{"line":511,"column":6},"end":{"line":511,"column":null}},"146":{"start":{"line":514,"column":4},"end":{"line":526,"column":null}},"147":{"start":{"line":515,"column":6},"end":{"line":517,"column":null}},"148":{"start":{"line":516,"column":8},"end":{"line":516,"column":null}},"149":{"start":{"line":519,"column":6},"end":{"line":525,"column":null}},"150":{"start":{"line":524,"column":8},"end":{"line":524,"column":null}},"151":{"start":{"line":528,"column":4},"end":{"line":534,"column":null}},"152":{"start":{"line":533,"column":6},"end":{"line":533,"column":null}},"153":{"start":{"line":536,"column":4},"end":{"line":536,"column":null}},"154":{"start":{"line":542,"column":10},"end":{"line":544,"column":null}},"155":{"start":{"line":543,"column":4},"end":{"line":543,"column":null}},"156":{"start":{"line":611,"column":10},"end":{"line":689,"column":null}},"157":{"start":{"line":613,"column":20},"end":{"line":613,"column":22}},"158":{"start":{"line":614,"column":18},"end":{"line":614,"column":28}},"159":{"start":{"line":616,"column":4},"end":{"line":616,"column":null}},"160":{"start":{"line":618,"column":4},"end":{"line":618,"column":null}},"161":{"start":{"line":620,"column":4},"end":{"line":634,"column":null}},"162":{"start":{"line":621,"column":6},"end":{"line":621,"column":null}},"163":{"start":{"line":622,"column":11},"end":{"line":634,"column":null}},"164":{"start":{"line":623,"column":6},"end":{"line":626,"column":null}},"165":{"start":{"line":627,"column":6},"end":{"line":627,"column":null}},"166":{"start":{"line":629,"column":6},"end":{"line":632,"column":null}},"167":{"start":{"line":633,"column":6},"end":{"line":633,"column":null}},"168":{"start":{"line":636,"column":4},"end":{"line":636,"column":null}},"169":{"start":{"line":638,"column":26},"end":{"line":638,"column":60}},"170":{"start":{"line":639,"column":22},"end":{"line":639,"column":42}},"171":{"start":{"line":640,"column":20},"end":{"line":640,"column":50}},"172":{"start":{"line":643,"column":6},"end":{"line":645,"column":54}},"173":{"start":{"line":647,"column":4},"end":{"line":688,"column":null}},"174":{"start":{"line":694,"column":10},"end":{"line":716,"column":null}},"175":{"start":{"line":695,"column":17},"end":{"line":695,"column":38}},"176":{"start":{"line":696,"column":21},"end":{"line":696,"column":48}},"177":{"start":{"line":698,"column":4},"end":{"line":715,"column":null}},"178":{"start":{"line":702,"column":12},"end":{"line":702,"column":53}},"179":{"start":{"line":708,"column":10},"end":{"line":711,"column":null}},"180":{"start":{"line":710,"column":14},"end":{"line":710,"column":null}},"181":{"start":{"line":796,"column":10},"end":{"line":862,"column":null}},"182":{"start":{"line":797,"column":22},"end":{"line":797,"column":77}},"183":{"start":{"line":799,"column":22},"end":{"line":799,"column":105}},"184":{"start":{"line":800,"column":42},"end":{"line":800,"column":46}},"185":{"start":{"line":802,"column":4},"end":{"line":861,"column":null}},"186":{"start":{"line":813,"column":12},"end":{"line":819,"column":null}},"187":{"start":{"line":829,"column":12},"end":{"line":835,"column":null}},"188":{"start":{"line":850,"column":12},"end":{"line":850,"column":null}},"189":{"start":{"line":857,"column":12},"end":{"line":857,"column":null}},"190":{"start":{"line":864,"column":10},"end":{"line":885,"column":null}},"191":{"start":{"line":865,"column":17},"end":{"line":865,"column":27}},"192":{"start":{"line":866,"column":4},"end":{"line":866,"column":null}},"193":{"start":{"line":868,"column":15},"end":{"line":868,"column":17}},"194":{"start":{"line":869,"column":18},"end":{"line":869,"column":32}},"195":{"start":{"line":870,"column":19},"end":{"line":870,"column":20}},"196":{"start":{"line":872,"column":4},"end":{"line":878,"column":null}},"197":{"start":{"line":872,"column":17},"end":{"line":872,"column":18}},"198":{"start":{"line":873,"column":6},"end":{"line":873,"column":null}},"199":{"start":{"line":875,"column":21},"end":{"line":875,"column":93}},"200":{"start":{"line":877,"column":6},"end":{"line":877,"column":null}},"201":{"start":{"line":880,"column":4},"end":{"line":882,"column":null}},"202":{"start":{"line":881,"column":6},"end":{"line":881,"column":null}},"203":{"start":{"line":884,"column":4},"end":{"line":884,"column":null}},"204":{"start":{"line":887,"column":10},"end":{"line":900,"column":null}},"205":{"start":{"line":888,"column":17},"end":{"line":888,"column":27}},"206":{"start":{"line":890,"column":19},"end":{"line":890,"column":21}},"207":{"start":{"line":891,"column":4},"end":{"line":897,"column":null}},"208":{"start":{"line":891,"column":17},"end":{"line":891,"column":18}},"209":{"start":{"line":892,"column":6},"end":{"line":892,"column":null}},"210":{"start":{"line":894,"column":20},"end":{"line":894,"column":88}},"211":{"start":{"line":896,"column":6},"end":{"line":896,"column":null}},"212":{"start":{"line":899,"column":4},"end":{"line":899,"column":null}},"213":{"start":{"line":983,"column":10},"end":{"line":985,"column":null}},"214":{"start":{"line":984,"column":4},"end":{"line":984,"column":null}},"215":{"start":{"line":183,"column":4},"end":{"line":186,"column":null}},"216":{"start":{"line":184,"column":6},"end":{"line":184,"column":null}},"217":{"start":{"line":185,"column":6},"end":{"line":185,"column":12}},"218":{"start":{"line":187,"column":4},"end":{"line":187,"column":null}},"219":{"start":{"line":189,"column":4},"end":{"line":189,"column":null}},"220":{"start":{"line":194,"column":4},"end":{"line":194,"column":null}},"221":{"start":{"line":196,"column":4},"end":{"line":196,"column":null}},"222":{"start":{"line":402,"column":4},"end":{"line":404,"column":null}},"223":{"start":{"line":403,"column":6},"end":{"line":403,"column":null}},"224":{"start":{"line":406,"column":4},"end":{"line":408,"column":null}},"225":{"start":{"line":407,"column":6},"end":{"line":407,"column":null}},"226":{"start":{"line":410,"column":4},"end":{"line":412,"column":null}},"227":{"start":{"line":411,"column":6},"end":{"line":411,"column":null}},"228":{"start":{"line":414,"column":4},"end":{"line":414,"column":null}},"229":{"start":{"line":418,"column":18},"end":{"line":418,"column":20}},"230":{"start":{"line":420,"column":4},"end":{"line":423,"column":null}},"231":{"start":{"line":421,"column":28},"end":{"line":421,"column":61}},"232":{"start":{"line":422,"column":6},"end":{"line":422,"column":null}},"233":{"start":{"line":425,"column":22},"end":{"line":425,"column":37}},"234":{"start":{"line":426,"column":4},"end":{"line":426,"column":null}},"235":{"start":{"line":427,"column":4},"end":{"line":427,"column":null}},"236":{"start":{"line":431,"column":4},"end":{"line":437,"column":null}},"237":{"start":{"line":477,"column":4},"end":{"line":477,"column":null}},"238":{"start":{"line":479,"column":4},"end":{"line":482,"column":null}},"239":{"start":{"line":480,"column":6},"end":{"line":480,"column":null}},"240":{"start":{"line":481,"column":6},"end":{"line":481,"column":null}},"241":{"start":{"line":484,"column":4},"end":{"line":487,"column":null}},"242":{"start":{"line":485,"column":6},"end":{"line":485,"column":null}},"243":{"start":{"line":486,"column":6},"end":{"line":486,"column":null}},"244":{"start":{"line":554,"column":22},"end":{"line":554,"column":80}},"245":{"start":{"line":555,"column":30},"end":{"line":555,"column":84}},"246":{"start":{"line":556,"column":21},"end":{"line":556,"column":65}},"247":{"start":{"line":557,"column":20},"end":{"line":557,"column":72}},"248":{"start":{"line":558,"column":27},"end":{"line":558,"column":44}},"249":{"start":{"line":559,"column":26},"end":{"line":559,"column":42}},"250":{"start":{"line":563,"column":4},"end":{"line":574,"column":null}},"251":{"start":{"line":565,"column":8},"end":{"line":565,"column":null}},"252":{"start":{"line":566,"column":8},"end":{"line":566,"column":13}},"253":{"start":{"line":569,"column":8},"end":{"line":569,"column":null}},"254":{"start":{"line":570,"column":8},"end":{"line":570,"column":13}},"255":{"start":{"line":573,"column":8},"end":{"line":573,"column":null}},"256":{"start":{"line":576,"column":17},"end":{"line":576,"column":19}},"257":{"start":{"line":578,"column":4},"end":{"line":582,"column":null}},"258":{"start":{"line":579,"column":6},"end":{"line":581,"column":null}},"259":{"start":{"line":579,"column":19},"end":{"line":579,"column":36}},"260":{"start":{"line":580,"column":8},"end":{"line":580,"column":null}},"261":{"start":{"line":584,"column":4},"end":{"line":586,"column":null}},"262":{"start":{"line":584,"column":17},"end":{"line":584,"column":18}},"263":{"start":{"line":585,"column":6},"end":{"line":585,"column":null}},"264":{"start":{"line":588,"column":17},"end":{"line":588,"column":32}},"265":{"start":{"line":589,"column":28},"end":{"line":589,"column":81}},"266":{"start":{"line":591,"column":4},"end":{"line":593,"column":null}},"267":{"start":{"line":591,"column":17},"end":{"line":591,"column":18}},"268":{"start":{"line":592,"column":6},"end":{"line":592,"column":null}},"269":{"start":{"line":595,"column":4},"end":{"line":600,"column":null}},"270":{"start":{"line":596,"column":18},"end":{"line":596,"column":71}},"271":{"start":{"line":598,"column":6},"end":{"line":598,"column":null}},"272":{"start":{"line":599,"column":6},"end":{"line":599,"column":null}},"273":{"start":{"line":602,"column":4},"end":{"line":602,"column":null}},"274":{"start":{"line":903,"column":4},"end":{"line":903,"column":null}},"275":{"start":{"line":905,"column":4},"end":{"line":907,"column":null}},"276":{"start":{"line":906,"column":6},"end":{"line":906,"column":12}},"277":{"start":{"line":909,"column":4},"end":{"line":909,"column":null}},"278":{"start":{"line":911,"column":4},"end":{"line":911,"column":null}},"279":{"start":{"line":912,"column":4},"end":{"line":912,"column":null}},"280":{"start":{"line":914,"column":4},"end":{"line":914,"column":null}},"281":{"start":{"line":916,"column":4},"end":{"line":923,"column":null}},"282":{"start":{"line":917,"column":6},"end":{"line":917,"column":null}},"283":{"start":{"line":919,"column":6},"end":{"line":922,"column":null}},"284":{"start":{"line":921,"column":8},"end":{"line":921,"column":null}},"285":{"start":{"line":925,"column":4},"end":{"line":932,"column":null}},"286":{"start":{"line":926,"column":6},"end":{"line":926,"column":null}},"287":{"start":{"line":928,"column":6},"end":{"line":931,"column":null}},"288":{"start":{"line":930,"column":8},"end":{"line":930,"column":null}},"289":{"start":{"line":936,"column":17},"end":{"line":936,"column":73}},"290":{"start":{"line":937,"column":4},"end":{"line":937,"column":null}},"291":{"start":{"line":941,"column":22},"end":{"line":941,"column":66}},"292":{"start":{"line":942,"column":19},"end":{"line":942,"column":43}},"293":{"start":{"line":944,"column":4},"end":{"line":974,"column":null}},"294":{"start":{"line":945,"column":38},"end":{"line":945,"column":44}},"295":{"start":{"line":946,"column":20},"end":{"line":946,"column":30}},"296":{"start":{"line":948,"column":16},"end":{"line":948,"column":31}},"297":{"start":{"line":949,"column":18},"end":{"line":949,"column":34}},"298":{"start":{"line":950,"column":17},"end":{"line":950,"column":36}},"299":{"start":{"line":952,"column":18},"end":{"line":952,"column":33}},"300":{"start":{"line":953,"column":21},"end":{"line":953,"column":51}},"301":{"start":{"line":955,"column":6},"end":{"line":971,"column":null}},"302":{"start":{"line":958,"column":10},"end":{"line":958,"column":null}},"303":{"start":{"line":959,"column":10},"end":{"line":959,"column":15}},"304":{"start":{"line":962,"column":10},"end":{"line":962,"column":null}},"305":{"start":{"line":963,"column":10},"end":{"line":963,"column":15}},"306":{"start":{"line":966,"column":10},"end":{"line":966,"column":null}},"307":{"start":{"line":967,"column":10},"end":{"line":967,"column":15}},"308":{"start":{"line":970,"column":10},"end":{"line":970,"column":15}},"309":{"start":{"line":973,"column":6},"end":{"line":973,"column":null}},"310":{"start":{"line":976,"column":4},"end":{"line":978,"column":null}},"311":{"start":{"line":977,"column":6},"end":{"line":977,"column":null}},"312":{"start":{"line":980,"column":4},"end":{"line":980,"column":null}},"313":{"start":{"line":991,"column":21},"end":{"line":991,"column":37}},"314":{"start":{"line":992,"column":27},"end":{"line":992,"column":56}},"315":{"start":{"line":994,"column":4},"end":{"line":996,"column":null}},"316":{"start":{"line":995,"column":6},"end":{"line":995,"column":null}},"317":{"start":{"line":1014,"column":8},"end":{"line":1014,"column":12}},"318":{"start":{"line":1016,"column":4},"end":{"line":1046,"column":null}},"319":{"start":{"line":1030,"column":12},"end":{"line":1030,"column":null}},"320":{"start":{"line":1036,"column":12},"end":{"line":1036,"column":null}},"321":{"start":{"line":4,"column":0},"end":{"line":4,"column":null}}},"fnMap":{"0":{"name":"(anonymous_1)","decl":{"start":{"line":4,"column":0},"end":{"line":4,"column":null}},"loc":{"start":{"line":4,"column":0},"end":{"line":1048,"column":null}}},"1":{"name":"(anonymous_2)","decl":{"start":{"line":202,"column":38},"end":{"line":202,"column":39}},"loc":{"start":{"line":202,"column":60},"end":{"line":238,"column":3}}},"2":{"name":"(anonymous_3)","decl":{"start":{"line":244,"column":27},"end":{"line":244,"column":32}},"loc":{"start":{"line":244,"column":35},"end":{"line":310,"column":3}}},"3":{"name":"(anonymous_4)","decl":{"start":{"line":312,"column":25},"end":{"line":312,"column":26}},"loc":{"start":{"line":312,"column":29},"end":{"line":383,"column":3}}},"4":{"name":"(anonymous_5)","decl":{"start":{"line":385,"column":30},"end":{"line":385,"column":31}},"loc":{"start":{"line":385,"column":34},"end":{"line":399,"column":3}}},"5":{"name":"(anonymous_6)","decl":{"start":{"line":463,"column":29},"end":{"line":463,"column":30}},"loc":{"start":{"line":463,"column":48},"end":{"line":469,"column":3}}},"6":{"name":"(anonymous_7)","decl":{"start":{"line":501,"column":29},"end":{"line":501,"column":30}},"loc":{"start":{"line":501,"column":93},"end":{"line":537,"column":3}}},"7":{"name":"(anonymous_8)","decl":{"start":{"line":542,"column":29},"end":{"line":542,"column":32}},"loc":{"start":{"line":542,"column":34},"end":{"line":544,"column":3}}},"8":{"name":"(anonymous_9)","decl":{"start":{"line":611,"column":28},"end":{"line":611,"column":29}},"loc":{"start":{"line":611,"column":102},"end":{"line":689,"column":3}}},"9":{"name":"(anonymous_10)","decl":{"start":{"line":694,"column":27},"end":{"line":694,"column":30}},"loc":{"start":{"line":694,"column":32},"end":{"line":716,"column":3}}},"10":{"name":"(anonymous_11)","decl":{"start":{"line":701,"column":31},"end":{"line":701,"column":34}},"loc":{"start":{"line":702,"column":12},"end":{"line":702,"column":53}}},"11":{"name":"(anonymous_12)","decl":{"start":{"line":707,"column":22},"end":{"line":707,"column":26}},"loc":{"start":{"line":708,"column":10},"end":{"line":711,"column":null}}},"12":{"name":"(anonymous_13)","decl":{"start":{"line":709,"column":52},"end":{"line":709,"column":53}},"loc":{"start":{"line":709,"column":70},"end":{"line":711,"column":13}}},"13":{"name":"(anonymous_14)","decl":{"start":{"line":796,"column":29},"end":{"line":796,"column":32}},"loc":{"start":{"line":796,"column":34},"end":{"line":862,"column":3}}},"14":{"name":"(anonymous_15)","decl":{"start":{"line":812,"column":31},"end":{"line":812,"column":32}},"loc":{"start":{"line":813,"column":12},"end":{"line":819,"column":null}}},"15":{"name":"(anonymous_16)","decl":{"start":{"line":828,"column":25},"end":{"line":828,"column":27}},"loc":{"start":{"line":829,"column":12},"end":{"line":835,"column":null}}},"16":{"name":"(anonymous_17)","decl":{"start":{"line":849,"column":19},"end":{"line":849,"column":22}},"loc":{"start":{"line":849,"column":24},"end":{"line":851,"column":11}}},"17":{"name":"(anonymous_18)","decl":{"start":{"line":856,"column":19},"end":{"line":856,"column":22}},"loc":{"start":{"line":856,"column":24},"end":{"line":858,"column":11}}},"18":{"name":"(anonymous_19)","decl":{"start":{"line":864,"column":26},"end":{"line":864,"column":29}},"loc":{"start":{"line":864,"column":31},"end":{"line":885,"column":3}}},"19":{"name":"(anonymous_20)","decl":{"start":{"line":887,"column":26},"end":{"line":887,"column":29}},"loc":{"start":{"line":887,"column":31},"end":{"line":900,"column":3}}},"20":{"name":"(anonymous_21)","decl":{"start":{"line":983,"column":29},"end":{"line":983,"column":32}},"loc":{"start":{"line":983,"column":34},"end":{"line":985,"column":3}}},"21":{"name":"(anonymous_22)","decl":{"start":{"line":182,"column":2},"end":{"line":182,"column":18}},"loc":{"start":{"line":182,"column":18},"end":{"line":190,"column":3}}},"22":{"name":"(anonymous_23)","decl":{"start":{"line":193,"column":2},"end":{"line":193,"column":17}},"loc":{"start":{"line":193,"column":17},"end":{"line":197,"column":3}}},"23":{"name":"(anonymous_24)","decl":{"start":{"line":401,"column":10},"end":{"line":401,"column":34}},"loc":{"start":{"line":401,"column":45},"end":{"line":415,"column":3}}},"24":{"name":"(anonymous_25)","decl":{"start":{"line":417,"column":10},"end":{"line":417,"column":23}},"loc":{"start":{"line":417,"column":23},"end":{"line":428,"column":3}}},"25":{"name":"(anonymous_26)","decl":{"start":{"line":430,"column":10},"end":{"line":430,"column":20}},"loc":{"start":{"line":430,"column":31},"end":{"line":438,"column":3}}},"26":{"name":"(anonymous_27)","decl":{"start":{"line":476,"column":10},"end":{"line":476,"column":18}},"loc":{"start":{"line":476,"column":32},"end":{"line":488,"column":3}}},"27":{"name":"(anonymous_28)","decl":{"start":{"line":553,"column":10},"end":{"line":553,"column":24}},"loc":{"start":{"line":553,"column":24},"end":{"line":603,"column":3}}},"28":{"name":"(anonymous_29)","decl":{"start":{"line":902,"column":2},"end":{"line":902,"column":19}},"loc":{"start":{"line":902,"column":19},"end":{"line":933,"column":3}}},"29":{"name":"(anonymous_30)","decl":{"start":{"line":935,"column":2},"end":{"line":935,"column":20}},"loc":{"start":{"line":935,"column":20},"end":{"line":938,"column":3}}},"30":{"name":"(anonymous_31)","decl":{"start":{"line":940,"column":10},"end":{"line":940,"column":25}},"loc":{"start":{"line":940,"column":34},"end":{"line":981,"column":3}}},"31":{"name":"(anonymous_32)","decl":{"start":{"line":990,"column":10},"end":{"line":990,"column":28}},"loc":{"start":{"line":990,"column":30},"end":{"line":997,"column":3}}},"32":{"name":"(anonymous_33)","decl":{"start":{"line":999,"column":2},"end":{"line":999,"column":8}},"loc":{"start":{"line":999,"column":8},"end":{"line":1047,"column":3}}},"33":{"name":"(anonymous_34)","decl":{"start":{"line":1029,"column":15},"end":{"line":1029,"column":17}},"loc":{"start":{"line":1029,"column":20},"end":{"line":1031,"column":11}}},"34":{"name":"(anonymous_35)","decl":{"start":{"line":1035,"column":15},"end":{"line":1035,"column":17}},"loc":{"start":{"line":1035,"column":20},"end":{"line":1037,"column":11}}}},"branchMap":{"0":{"loc":{"start":{"line":208,"column":4},"end":{"line":214,"column":null}},"type":"if","locations":[{"start":{"line":208,"column":4},"end":{"line":214,"column":null}},{"start":{"line":208,"column":4},"end":{"line":214,"column":null}}]},"1":{"loc":{"start":{"line":216,"column":4},"end":{"line":219,"column":null}},"type":"if","locations":[{"start":{"line":216,"column":4},"end":{"line":219,"column":null}},{"start":{"line":216,"column":4},"end":{"line":219,"column":null}}]},"2":{"loc":{"start":{"line":220,"column":4},"end":{"line":223,"column":null}},"type":"if","locations":[{"start":{"line":220,"column":4},"end":{"line":223,"column":null}},{"start":{"line":220,"column":4},"end":{"line":223,"column":null}}]},"3":{"loc":{"start":{"line":224,"column":4},"end":{"line":226,"column":null}},"type":"if","locations":[{"start":{"line":224,"column":4},"end":{"line":226,"column":null}},{"start":{"line":224,"c
[...]
rt":{"line":247,"column":4},"end":{"line":262,"column":null}},"63":{"start":{"line":270,"column":4},"end":{"line":270,"column":null}},"64":{"start":{"line":272,"column":4},"end":{"line":282,"column":null}},"65":{"start":{"line":273,"column":6},"end":{"line":279,"column":null}},"66":{"start":{"line":274,"column":8},"end":{"line":274,"column":null}},"67":{"start":{"line":275,"column":13},"end":{"line":279,"column":null}},"68":{"start":{"line":278,"column":8},"end":{"line":278,"column":null}},"69":{"start":{"line":281,"column":6},"end":{"line":281,"column":null}},"70":{"start":{"line":296,"column":4},"end":{"line":296,"column":null}},"71":{"start":{"line":298,"column":4},"end":{"line":306,"column":null}},"72":{"start":{"line":299,"column":6},"end":{"line":303,"column":null}},"73":{"start":{"line":300,"column":8},"end":{"line":300,"column":null}},"74":{"start":{"line":302,"column":8},"end":{"line":302,"column":null}},"75":{"start":{"line":305,"column":6},"end":{"line":305,"column":null}},"76":{"start":{"line":310,"column":4},"end":{"line":312,"column":null}},"77":{"start":{"line":311,"column":6},"end":{"line":311,"column":null}},"78":{"start":{"line":316,"column":4},"end":{"line":332,"column":null}},"79":{"start":{"line":320,"column":6},"end":{"line":331,"column":null}},"80":{"start":{"line":321,"column":8},"end":{"line":321,"column":null}},"81":{"start":{"line":328,"column":8},"end":{"line":330,"column":null}},"82":{"start":{"line":329,"column":10},"end":{"line":329,"column":null}},"83":{"start":{"line":336,"column":30},"end":{"line":336,"column":95}},"84":{"start":{"line":337,"column":4},"end":{"line":350,"column":null}},"85":{"start":{"line":29,"column":0},"end":{"line":29,"column":null}}},"fnMap":{"0":{"name":"(anonymous_1)","decl":{"start":{"line":14,"column":0},"end":{"line":14,"column":5}},"loc":{"start":{"line":14,"column":20},"end":{"line":19,"column":1}}},"1":{"name":"(anonymous_2)","decl":{"start":{"line":21,"column":0},"end":{"line":21,"column":5}},"loc":{"start":{"line":21,"column":20},"end":{"line":25,"column":1}}},"2":{"name":"(anonymous_3)","decl":{"start":{"line":27,"column":22},"end":{"line":27,"column":23}},"loc":{"start":{"line":27,"column":52},"end":{"line":27,"column":108}}},"3":{"name":"(anonymous_4)","decl":{"start":{"line":29,"column":0},"end":{"line":29,"column":null}},"loc":{"start":{"line":29,"column":0},"end":{"line":352,"column":null}}},"4":{"name":"(anonymous_5)","decl":{"start":{"line":144,"column":9},"end":{"line":144,"column":14}},"loc":{"start":{"line":144,"column":22},"end":{"line":149,"column":3}}},"5":{"name":"(anonymous_6)","decl":{"start":{"line":152,"column":2},"end":{"line":152,"column":18}},"loc":{"start":{"line":152,"column":42},"end":{"line":156,"column":3}}},"6":{"name":"(anonymous_7)","decl":{"start":{"line":159,"column":2},"end":{"line":159,"column":19}},"loc":{"start":{"line":159,"column":44},"end":{"line":163,"column":3}}},"7":{"name":"(anonymous_8)","decl":{"start":{"line":166,"column":2},"end":{"line":166,"column":20}},"loc":{"start":{"line":166,"column":46},"end":{"line":170,"column":3}}},"8":{"name":"(anonymous_9)","decl":{"start":{"line":173,"column":2},"end":{"line":173,"column":12}},"loc":{"start":{"line":173,"column":30},"end":{"line":189,"column":3}}},"9":{"name":"(anonymous_10)","decl":{"start":{"line":196,"column":10},"end":{"line":196,"column":40}},"loc":{"start":{"line":196,"column":63},"end":{"line":213,"column":3}}},"10":{"name":"(anonymous_11)","decl":{"start":{"line":215,"column":10},"end":{"line":215,"column":28}},"loc":{"start":{"line":215,"column":51},"end":{"line":218,"column":3}}},"11":{"name":"(anonymous_12)","decl":{"start":{"line":220,"column":10},"end":{"line":220,"column":40}},"loc":{"start":{"line":220,"column":63},"end":{"line":225,"column":3}}},"12":{"name":"(anonymous_13)","decl":{"start":{"line":227,"column":10},"end":{"line":227,"column":26}},"loc":{"start":{"line":227,"column":26},"end":{"line":237,"column":3}}},"13":{"name":"(anonymous_14)","decl":{"start":{"line":239,"column":10},"end":{"line":239,"column":27}},"loc":{"start":{"line":239,"column":27},"end":{"line":263,"column":3}}},"14":{"name":"(anonymous_15)","decl":{"start":{"line":269,"column":10},"end":{"line":269,"column":23}},"loc":{"start":{"line":269,"column":42},"end":{"line":283,"column":3}}},"15":{"name":"(anonymous_16)","decl":{"start":{"line":295,"column":2},"end":{"line":295,"column":19}},"loc":{"start":{"line":295,"column":19},"end":{"line":307,"column":3}}},"16":{"name":"(anonymous_17)","decl":{"start":{"line":309,"column":2},"end":{"line":309,"column":18}},"loc":{"start":{"line":309,"column":18},"end":{"line":313,"column":3}}},"17":{"name":"(anonymous_18)","decl":{"start":{"line":315,"column":2},"end":{"line":315,"column":20}},"loc":{"start":{"line":315,"column":20},"end":{"line":333,"column":3}}},"18":{"name":"(anonymous_19)","decl":{"start":{"line":328,"column":37},"end":{"line":328,"column":40}},"loc":{"start":{"line":328,"column":42},"end":{"line":330,"column":9}}},"19":{"name":"(anonymous_20)","decl":{"start":{"line":335,"column":2},"end":{"line":335,"column":8}},"loc":{"start":{"line":335,"column":8},"end":{"line":351,"column":3}}}},"branchMap":{"0":{"loc":{"start":{"line":14,"column":5},"end":{"line":14,"column":20}},"type":"binary-expr","locations":[{"start":{"line":14,"column":5},"end":{"line":14,"column":20}},{"start":{"line":14,"column":5},"end":{"line":14,"column":null}}]},"1":{"loc":{"start":{"line":21,"column":5},"end":{"line":21,"column":20}},"type":"binary-expr","locations":[{"start":{"line":21,"column":5},"end":{"line":21,"column":20}},{"start":{"line":21,"column":5},"end":{"line":21,"column":null}}]},"2":{"loc":{"start":{"line":27,"column":52},"end":{"line":27,"column":76}},"type":"binary-expr","locations":[{"start":{"line":27,"column":52},"end":{"line":27,"column":76}},{"start":{"line":27,"column":80},"end":{"line":27,"column":108}}]},"3":{"loc":{"start":{"line":145,"column":4},"end":{"line":147,"column":null}},"type":"if","locations":[{"start":{"line":145,"column":4},"end":{"line":147,"column":null}},{"start":{"line":145,"column":4},"end":{"line":147,"column":null}}]},"4":{"loc":{"start":{"line":153,"column":4},"end":{"line":155,"column":null}},"type":"if","locations":[{"start":{"line":153,"column":4},"end":{"line":155,"column":null}},{"start":{"line":153,"column":4},"end":{"line":155,"column":null}}]},"5":{"loc":{"start":{"line":160,"column":4},"end":{"line":162,"column":null}},"type":"if","locations":[{"start":{"line":160,"column":4},"end":{"line":162,"column":null}},{"start":{"line":160,"column":4},"end":{"line":162,"column":null}}]},"6":{"loc":{"start":{"line":167,"column":4},"end":{"line":169,"column":null}},"type":"if","locations":[{"start":{"line":167,"column":4},"end":{"line":169,"column":null}},{"start":{"line":167,"column":4},"end":{"line":169,"column":null}}]},"7":{"loc":{"start":{"line":174,"column":4},"end":{"line":188,"column":null}},"type":"if","locations":[{"start":{"line":174,"column":4},"end":{"line":188,"column":null}},{"start":{"line":174,"column":4},"end":{"line":188,"column":null}}]},"8":{"loc":{"start":{"line":175,"column":6},"end":{"line":181,"column":null}},"type":"if","locations":[{"start":{"line":175,"column":6},"end":{"line":181,"column":null}},{"start":{"line":175,"column":6},"end":{"line":181,"column":null}}]},"9":{"loc":{"start":{"line":175,"column":10},"end":{"line":175,"column":59}},"type":"binary-expr","locations":[{"start":{"line":175,"column":10},"end":{"line":175,"column":59}},{"start":{"line":175,"column":63},"end":{"line":175,"column":111}}]},"10":{"loc":{"start":{"line":176,"column":8},"end":{"line":180,"column":null}},"type":"if","locations":[{"start":{"line":176,"column":8},"end":{"line":180,"column":null}},{"start":{"line":176,"column":8},"end":{"line":180,"column":null}}]},"11":{"loc":{"start":{"line":182,"column":11},"end":{"line":188,"column":null}},"type":"if","locations":[{"start":{"line":182,"column":11},"end":{"line":188,"column":null}},{"start":{"line":182,"column":11},"end":{"line":188,"column":null}}]},"12":{"loc":{"start":{"line":182,"column":15},"end":{"line":182,"column":64}},"type":"binary-expr","locations":[{"start":{"line":182,"column":15},"end":{"line":182,"column":64}},{"start":{"line":182,"column":68},"end":{"line":182,"column":116}}]},"13":{"loc":{"start":{"line":183,"column":6},"end":{"line":187,"column":null}},"type":"if","locations":[{"start":{"line":183,"column":6},"end":{"line":187,"column":null}},{"start":{"line":183,"column":6},"end":{"line":187,"column":null}}]},"14":{"loc":{"start":{"line":198,"column":6},"end":{"line":200,"column":13}},"type":"switch","locations":[{"start":{"line":198,"column":6},"end":{"line":200,"column":13}},{"start":{"line":201,"column":6},"end":{"line":203,"column":13}},{"start":{"line":204,"column":6},"end":{"line":206,"column":13}},{"start":{"line":207,"column":6},"end":{"line":209,"column":13}},{"start":{"line":211,"column":6},"end":{"line":211,"column":14}}]},"15":{"loc":{"start":{"line":221,"column":4},"end":{"line":224,"column":null}},"type":"if","locations":[{"start":{"line":221,"column":4},"end":{"line":224,"column":null}},{"start":{"line":221,"column":4},"end":{"line":224,"column":null}}]},"16":{"loc":{"start":{"line":228,"column":4},"end":{"line":230,"column":null}},"type":"if","locations":[{"start":{"line":228,"column":4},"end":{"line":230,"column":null}},{"start":{"line":228,"column":4},"end":{"line":230,"column":null}}]},"17":{"loc":{"start":{"line":234,"column":14},"end":{"line":234,"column":27}},"type":"binary-expr","locations":[{"start":{"line":234,"column":14},"end":{"line":234,"column":27}},{"start":{"line":234,"column":31},"end":{"line":234,"column":116}}]},"18":{"loc":{"start":{"line":240,"column":18},"end":{"line":240,"column":26}},"type":"binary-expr","locations":[{"start":{"line":240,"column":18},"end":{"line":240,"column":26}},{"start":{"line":240,"column":30},"end":{"line":240,"column":84}}]},"19":{"loc":{"start":{"line":241,"column":24},"end":{"line":241,"column":38}},"type":"binary-expr","locations":[{"start":{"line":241,"column":24},"end":{"line":241,"column":38}},{"start":{"line":241,"column":42},"end":{"line":241,"column":108}}]},"20":{"loc":{"start":{"line":242,"column":21},"end":{"line":242,"column":32}},"type":"binary-expr","locations":[{"start":{"line":242,"column":21},"end":{"line":242,"column":32}},{"start":{"line":242,"column":36},"end":{"line":242,"column":113}}]},"21":{"loc":{"start":{"line":245,"column":30},"end":{"line":245,"column":35}},"type":"binary-expr","locations":[{"start":{"line":245,"column":30},"end":{"line":245,"column":35}},{"start":{"line":245,"column":39},"end":{"line":245,"column":47}}]},"22":{"loc":{"start":{"line":249,"column":9},"end":{"line":249,"column":23}},"type":"binary-expr","locations":[{"start":{"line":249,"column":9},"end":{"line":249,"column":23}},{"start":{"line":250,"column":10},"end":{"line":252,"column":null}}]},"23":{"loc":{"start":{"line":251,"column":13},"end":{"line":251,"column":18}},"type":"binary-expr","locations":[{"start":{"line":251,"column":13},"end":{"line":251,"column":18}},{"start":{"line":251,"column":22},"end":{"line":251,"column":30}}]},"24":{"loc":{"start":{"line":256,"column":9},"end":{"line":256,"column":14}},"type":"binary-expr","locations":[{"start":{"line":256,"column":9},"end":{"line":256,"column":14}},{"start":{"line":256,"column":18},"end":{"line":256,"column":26}}]},"25":{"loc":{"start":{"line":260,"column":9},"end":{"line":260,"column":21}},"type":"binary-expr","locations":[{"start":{"line":260,"column":9},"end":{"line":260,"column":21}},{"start":{"line":260,"column":25},"end":{"line":260,"column":84}}]},"26":{"loc":{"start":{"line":272,"column":4},"end":{"line":282,"column":null}},"type":"if","locations":[{"start":{"line":272,"column":4},"end":{"line":282,"column":null}},{"start":{"line":272,"column":4},"end":{"line":282,"column":null}}]},"27":{"loc":{"start":{"line":273,"column":6},"end":{"line":279,"column":null}},"type":"if","locations":[{"start":{"line":273,"column":6},"end":{"line":279,"column":null}},{"start":{"line":273,"column":6},"end":{"line":279,"column":null}}]},"28":{"loc":{"start":{"line":275,"column":13},"end":{"line":279,"column":null}},"type":"if","locations":[{"start":{"line":275,"column":13},"end":{"line":279,"column":null}},{"start":{"line":275,"column":13},"end":{"line":279,"column":null}}]},"29":{"loc":{"start":{"line":298,"column":4},"end":{"line":306,"column":null}},"type":"if","locations":[{"start":{"line":298,"column":4},"end":{"line":306,"column":null}},{"start":{"line":298,"column":4},"end":{"line":306,"column":null}}]},"30":{"loc":{"start":{"line":299,"column":6},"end":{"line":303,"column":null}},"type":"if","locations":[{"start":{"line":299,"column":6},"end":{"line":303,"column":null}},{"start":{"line":299,"column":6},"end":{"line":303,"column":null}}]},"31":{"loc":{"start":{"line":310,"column":4},"end":{"line":312,"column":null}},"type":"if","locations":[{"start":{"line":310,"column":4},"end":{"line":312,"column":null}},{"start":{"line":310,"column":4},"end":{"line":312,"column":null}}]},"32":{"loc":{"start":{"line":316,"column":4},"end":{"line":332,"column":null}},"type":"if","locations":[{"start":{"line":316,"column":4},"end":{"line":332,"column":null}},{"start":{"line":316,"column":4},"end":{"line":332,"column":null}}]},"33":{"loc":{"start":{"line":317,"column":7},"end":{"line":317,"column":56}},"type":"binary-expr","locations":[{"start":{"line":317,"column":7},"end":{"line":317,"column":56}},{"start":{"line":317,"column":60},"end":{"line":317,"column":108}},{"start":{"line":318,"column":6},"end":{"line":318,"column":51}}]},"34":{"loc":{"start":{"line":320,"column":6},"end":{"line":331,"column":null}},"type":"if","locations":[{"start":{"line":320,"column":6},"end":{"line":331,"column":null}},{"start":{"line":320,"column":6},"end":{"line":331,"column":null}}]}},"s":{"0":1,"1":1,"2":1,"3":1,"4":1,"5":1,"6":1,"7":1,"8":1,"9":1,"10":1,"11":1,"12":1,"13":1,"14":2,"15":28,"16":28,"17":28,"18":28,"19":28,"20":28,"21":28,"22":28,"23":2,"24":1,"25":2,"26":24,"27":1,"28":2,"29":1,"30":2,"31":1,"32":6,"33":3,"34":3,"35":2,"36":1,"37":3,"38":3,"39":2,"40":1,"41":30,"42":20,"43":20,"44":3,"45":3,"46":2,"47":2,"48":5,"49":5,"50":30,"51":30,"52":30,"53":30,"54":30,"55":48,"56":2,"57":46,"58":48,"59":48,"60":48,"61":48,"62":48,"63":2,"64":2,"65":2,"66":1,"67":1,"68":1,"69":0,"70":22,"71":22,"72":19,"73":18,"74":1,"75":3,"76":22,"77":1,"78":48,"79":20,"80":20,"81":0,"82":0,"83":48,"84":48,"85":1},"f":{"0":1,"1":1,"2":2,"3":28,"4":2,"5":24,"6":2,"7":2,"8":6,"9":30,"10":30,"11":30,"12":48,"13":48,"14":2,"15":22,"16":22,"17":48,"18":0,"19":48},"b":{"0":[1,1],"1":[1,1],"2":[2,2],"3":[1,1],"4":[1,23],"5":[1,1],"6":[1,1],"7":[3,3],"8":[3,0],"9":[3,3],"10":[2,1],"11":[3,0],"12":[3,1],"13":[2,1],"14":[20,3,2,5,0],"15":[30,0],"16":[2,46],"17":[46,46],"18":[48,6],"19":[48,2],"20":[48,6],"21":[48,42],"22":[48,10],"23":[10,4],"24":[48,6],"25":[48,2],"26":[2,0],"27":[1,1],"28":[1,0],"29":[19,3],"30":[18,1],"31":[1,21],"32":[20,28],"33":[48,9,42],"34":[20,0]}}
,"/Users/larss/Projects/core-component-library/packages/core-component-library/src/utils/helpers.ts": {"path":"/Users/larss/Projects/core-component-library/packages/core-component-library/src/utils/helpers.ts","statementMap":{"0":{"start":{"line":4,"column":13},"end":{"line":4,"column":null}},"1":{"start":{"line":4,"column":63},"end":{"line":4,"column":109}},"2":{"start":{"line":14,"column":13},"end":{"line":33,"column":null}},"3":{"start":{"line":21,"column":2},"end":{"line":32,"column":null}},"4":{"start":{"line":22,"column":46},"end":{"line":22,"column":91}},"5":{"start":{"line":23,"column":4},"end":{"line":28,"column":null}},"6":{"start":{"line":24,"column":6},"end":{"line":24,"column":null}},"7":{"start":{"line":25,"column":6},"end":{"line":25,"column":null}},"8":{"start":{"line":26,"column":6},"end":{"line":26,"column":null}},"9":{"start":{"line":27,"column":6},"end":{"line":27,"column":null}},"10":{"start":{"line":29,"column":4},"end":{"line":29,"column":null}},"11":{"start":{"line":30,"column":4},"end":{"line":30,"column":null}},"12":{"start":{"line":31,"column":4},"end":{"line":31,"column":null}},"13":{"start":{"line":40,"column":2},"end":{"line":40,"column":null}},"14":{"start":{"line":40,"column":32},"end":{"line":40,"column":61}},"15":{"start":{"line":39,"column":0},"end":{"line":39,"column":16}}},"fnMap":{"0":{"name":"(anonymous_0)","decl":{"start":{"line":4,"column":28},"end":{"line":4,"column":29}},"loc":{"start":{"line":4,"column":63},"end":{"line":4,"column":109}}},"1":{"name":"(anonymous_1)","decl":{"start":{"line":14,"column":38},"end":{"line":14,"column":null}},"loc":{"start":{"line":20,"column":10},"end":{"line":33,"column":1}}},"2":{"name":"delayAsync","decl":{"start":{"line":39,"column":16},"end":{"line":39,"column":26}},"loc":{"start":{"line":39,"column":47},"end":{"line":41,"column":1}}},"3":{"name":"(anonymous_3)","decl":{"start":{"line":40,"column":21},"end":{"line":40,"column":28}},"loc":{"start":{"line":40,"column":32},"end":{"line":40,"column":61}}}},"branchMap":{"0":{"loc":{"start":{"line":4,"column":63},"end":{"line":4,"column":83}},"type":"binary-expr","locations":[{"start":{"line":4,"column":63},"end":{"line":4,"column":83}},{"start":{"line":4,"column":87},"end":{"line":4,"column":109}}]},"1":{"loc":{"start":{"line":21,"column":2},"end":{"line":32,"column":null}},"type":"if","locations":[{"start":{"line":21,"column":2},"end":{"line":32,"column":null}},{"start":{"line":21,"column":2},"end":{"line":32,"column":null}}]},"2":{"loc":{"start":{"line":21,"column":6},"end":{"line":21,"column":29}},"type":"binary-expr","locations":[{"start":{"line":21,"column":6},"end":{"line":21,"column":29}},{"start":{"line":21,"column":33},"end":{"line":21,"column":51}}]},"3":{"loc":{"start":{"line":23,"column":4},"end":{"line":28,"column":null}},"type":"if","locations":[{"start":{"line":23,"column":4},"end":{"line":28,"column":null}},{"start":{"line":23,"column":4},"end":{"line":28,"column":null}}]},"4":{"loc":{"start":{"line":31,"column":23},"end":{"line":31,"column":28}},"type":"binary-expr","locations":[{"start":{"line":31,"column":23},"end":{"line":31,"column":28}},{"start":{"line":31,"column":32},"end":{"line":31,"column":34}}]},"5":{"loc":{"start":{"line":39,"column":46},"end":{"line":39,"column":47}},"type":"default-arg","locations":[{"start":{"line":39,"column":46},"end":{"line":39,"column":47}}]}},"s":{"0":3,"1":0,"2":3,"3":0,"4":0,"5":0,"6":0,"7":0,"8":0,"9":0,"10":0,"11":0,"12":0,"13":2,"14":2,"15":3},"f":{"0":0,"1":0,"2":2,"3":2},"b":{"0":[0,0],"1":[0,0],"2":[0,0],"3":[0,0],"4":[0,0],"5":[0]}}
,"/Users/larss/Projects/core-component-library/packages/core-component-library/src/utils/utils.ts": {"path":"/Users/larss/Projects/core-component-library/packages/core-component-library/src/utils/utils.ts","statementMap":{"0":{"start":{"line":2,"column":2},"end":{"line":2,"column":null}},"1":{"start":{"line":1,"column":0},"end":{"line":1,"column":16}}},"fnMap":{"0":{"name":"format","decl":{"start":{"line":1,"column":16},"end":{"line":1,"column":22}},"loc":{"start":{"line":1,"column":66},"end":{"line":3,"column":1}}}},"branchMap":{"0":{"loc":{"start":{"line":2,"column":10},"end":{"line":2,"column":15}},"type":"binary-expr","locations":[{"start":{"line":2,"column":10},"end":{"line":2,"column":15}},{"start":{"line":2,"column":19},"end":{"line":2,"column":21}}]},"1":{"loc":{"start":{"line":2,"column":35},"end":{"line":2,"column":47}},"type":"cond-expr","locations":[{"start":{"line":2,"column":35},"end":{"line":2,"column":47}},{"start":{"line":2,"column":50},"end":{"line":2,"column":52}}]},"2":{"loc":{"start":{"line":2,"column":64},"end":{"line":2,"column":74}},"type":"cond-expr","locations":[{"start":{"line":2,"column":64},"end":{"line":2,"column":74}},{"start":{"line":2,"column":77},"end":{"line":2,"column":79}}]}},"s":{"0":4,"1":1},"f":{"0":4},"b":{"0":[4,1],"1":[1,3],"2":[2,2]}}
}
