TN:
SF:/Users/larss/Projects/core-component-library/packages/core-component-library/src/components/action-bar/action-bar.tsx
FN:3,(anonymous_0)
FN:99,(anonymous_1)
FN:100,(anonymous_2)
FN:104,(anonymous_3)
FN:63,(anonymous_4)
FN:72,(anonymous_5)
FN:77,(anonymous_6)
FN:78,(anonymous_7)
FN:80,(anonymous_8)
FN:92,(anonymous_9)
FN:108,(anonymous_10)
FN:111,(anonymous_11)
FN:120,(anonymous_12)
FN:143,(anonymous_13)
FNF:14
FNH:0
FNDA:0,(anonymous_0)
FNDA:0,(anonymous_1)
FNDA:0,(anonymous_2)
FNDA:0,(anonymous_3)
FNDA:0,(anonymous_4)
FNDA:0,(anonymous_5)
FNDA:0,(anonymous_6)
FNDA:0,(anonymous_7)
FNDA:0,(anonymous_8)
FNDA:0,(anonymous_9)
FNDA:0,(anonymous_10)
FNDA:0,(anonymous_11)
FNDA:0,(anonymous_12)
FNDA:0,(anonymous_13)
DA:1,1
DA:3,1
DA:16,0
DA:21,0
DA:26,0
DA:31,0
DA:36,0
DA:41,0
DA:46,0
DA:51,0
DA:64,0
DA:65,0
DA:67,0
DA:68,0
DA:74,0
DA:78,0
DA:79,0
DA:80,0
DA:84,0
DA:86,0
DA:87,0
DA:88,0
DA:89,0
DA:92,0
DA:95,0
DA:99,0
DA:100,0
DA:101,0
DA:104,0
DA:105,0
DA:109,0
DA:111,0
DA:112,0
DA:121,0
DA:123,0
DA:144,0
LF:36
LH:2
BRDA:100,0,0,0
BRDA:100,0,1,0
BRDA:67,1,0,0
BRDA:67,1,1,0
BRDA:79,2,0,0
BRDA:79,2,1,0
BRDA:79,3,0,0
BRDA:79,3,1,0
BRDA:86,4,0,0
BRDA:86,4,1,0
BRDA:87,5,0,0
BRDA:87,5,1,0
BRDA:88,6,0,0
BRDA:88,6,1,0
BRDA:88,6,2,0
BRDA:89,7,0,0
BRDA:89,7,1,0
BRDA:89,7,2,0
BRDA:111,8,0,0
BRDA:126,9,0,0
BRDA:126,9,1,0
BRDA:128,10,0,0
BRDA:128,10,1,0
BRF:23
BRH:0
end_of_record
TN:
SF:/Users/larss/Projects/core-component-library/packages/core-component-library/src/components/autocomplete/autocomplete.tsx
FN:3,(anonymous_0)
FN:154,(anonymous_1)
FN:171,(anonymous_2)
FN:174,(anonymous_3)
FN:176,(anonymous_4)
FN:182,(anonymous_5)
FN:212,(anonymous_6)
FN:217,(anonymous_7)
FN:226,(anonymous_8)
FN:256,(anonymous_9)
FN:269,(anonymous_10)
FN:279,(anonymous_11)
FN:88,(anonymous_12)
FN:93,(anonymous_13)
FN:105,(anonymous_14)
FN:111,(anonymous_15)
FN:115,(anonymous_16)
FN:136,(anonymous_17)
FN:139,(anonymous_18)
FN:143,(anonymous_19)
FN:144,(anonymous_20)
FN:200,(anonymous_21)
FN:201,(anonymous_22)
FN:202,(anonymous_23)
FN:203,(anonymous_24)
FN:292,(anonymous_25)
FN:301,(anonymous_26)
FN:329,(anonymous_27)
FN:340,(anonymous_28)
FNF:29
FNH:1
FNDA:1,(anonymous_0)
FNDA:0,(anonymous_1)
FNDA:0,(anonymous_2)
FNDA:0,(anonymous_3)
FNDA:0,(anonymous_4)
FNDA:0,(anonymous_5)
FNDA:0,(anonymous_6)
FNDA:0,(anonymous_7)
FNDA:0,(anonymous_8)
FNDA:0,(anonymous_9)
FNDA:0,(anonymous_10)
FNDA:0,(anonymous_11)
FNDA:0,(anonymous_12)
FNDA:0,(anonymous_13)
FNDA:0,(anonymous_14)
FNDA:0,(anonymous_15)
FNDA:0,(anonymous_16)
FNDA:0,(anonymous_17)
FNDA:0,(anonymous_18)
FNDA:0,(anonymous_19)
FNDA:0,(anonymous_20)
FNDA:0,(anonymous_21)
FNDA:0,(anonymous_22)
FNDA:0,(anonymous_23)
FNDA:0,(anonymous_24)
FNDA:0,(anonymous_25)
FNDA:0,(anonymous_26)
FNDA:0,(anonymous_27)
FNDA:0,(anonymous_28)
DA:1,1
DA:3,1
DA:13,1
DA:15,1
DA:22,1
DA:27,1
DA:32,1
DA:37,1
DA:42,1
DA:47,1
DA:57,1
DA:62,1
DA:69,1
DA:74,1
DA:89,0
DA:94,0
DA:96,0
DA:98,0
DA:99,0
DA:102,0
DA:106,0
DA:108,0
DA:110,0
DA:111,0
DA:114,0
DA:115,0
DA:116,0
DA:117,0
DA:119,0
DA:120,0
DA:122,0
DA:124,0
DA:128,0
DA:130,0
DA:133,0
DA:134,0
DA:136,0
DA:137,0
DA:138,0
DA:139,0
DA:140,0
DA:143,0
DA:144,0
DA:147,0
DA:148,0
DA:154,1
DA:155,0
DA:156,0
DA:158,0
DA:159,0
DA:160,0
DA:164,0
DA:166,0
DA:167,0
DA:171,1
DA:172,0
DA:174,0
DA:175,0
DA:177,0
DA:183,0
DA:185,0
DA:187,0
DA:189,0
DA:190,0
DA:193,0
DA:196,0
DA:201,0
DA:202,0
DA:203,0
DA:205,0
DA:208,0
DA:212,1
DA:213,0
DA:214,0
DA:216,0
DA:217,0
DA:218,0
DA:219,0
DA:220,0
DA:222,0
DA:223,0
DA:224,0
DA:226,0
DA:228,0
DA:229,0
DA:231,0
DA:234,0
DA:237,0
DA:238,0
DA:240,0
DA:241,0
DA:242,0
DA:244,0
DA:246,0
DA:247,0
DA:250,0
DA:252,0
DA:256,1
DA:257,0
DA:259,0
DA:260,0
DA:262,0
DA:263,0
DA:265,0
DA:266,0
DA:267,0
DA:269,0
DA:271,0
DA:272,0
DA:273,0
DA:275,0
DA:279,1
DA:280,0
DA:281,0
DA:284,0
DA:285,0
DA:293,0
DA:294,0
DA:296,0
DA:297,0
DA:317,0
DA:319,0
DA:330,0
DA:341,0
LF:124
LH:19
BRDA:155,0,0,0
BRDA:155,0,1,0
BRDA:158,1,0,0
BRDA:158,1,1,0
BRDA:159,2,0,0
BRDA:159,2,1,0
BRDA:189,3,0,0
BRDA:189,3,1,0
BRDA:189,4,0,0
BRDA:189,4,1,0
BRDA:213,5,0,0
BRDA:213,5,1,0
BRDA:213,6,0,0
BRDA:213,6,1,0
BRDA:216,7,0,0
BRDA:216,7,1,0
BRDA:222,8,0,0
BRDA:222,8,1,0
BRDA:237,9,0,0
BRDA:237,9,1,0
BRDA:240,10,0,0
BRDA:240,10,1,0
BRDA:246,11,0,0
BRDA:246,11,1,0
BRDA:262,12,0,0
BRDA:262,12,1,0
BRDA:280,13,0,0
BRDA:280,13,1,0
BRDA:284,14,0,0
BRDA:284,14,1,0
BRDA:98,15,0,0
BRDA:98,15,1,0
BRDA:108,16,0,0
BRDA:108,16,1,0
BRDA:111,17,0,0
BRDA:111,17,1,0
BRDA:111,17,2,0
BRDA:114,18,0,0
BRDA:114,18,1,0
BRDA:114,19,0,0
BRDA:114,19,1,0
BRDA:116,20,0,0
BRDA:116,20,1,0
BRDA:119,21,0,0
BRDA:119,21,1,0
BRDA:137,22,0,0
BRDA:137,22,1,0
BRDA:138,23,0,0
BRDA:138,23,1,0
BRDA:296,24,0,0
BRDA:296,24,1,0
BRF:51
BRH:0
end_of_record
TN:
SF:/Users/larss/Projects/core-component-library/packages/core-component-library/src/components/avatar/avatar.tsx
FN:3,(anonymous_0)
FN:27,(anonymous_1)
FN:57,(anonymous_2)
FNF:3
FNH:1
FNDA:1,(anonymous_0)
FNDA:0,(anonymous_1)
FNDA:0,(anonymous_2)
DA:1,1
DA:3,1
DA:12,1
DA:17,1
DA:22,1
DA:28,0
DA:30,0
DA:31,0
DA:38,0
DA:39,0
DA:40,0
DA:43,0
DA:46,0
DA:47,0
DA:54,0
DA:58,0
LF:16
LH:5
BRDA:30,0,0,0
BRDA:30,0,1,0
BRDA:38,1,0,0
BRDA:38,1,1,0
BRDA:39,2,0,0
BRDA:39,2,1,0
BRDA:46,3,0,0
BRDA:46,3,1,0
BRF:8
BRH:0
end_of_record
TN:
SF:/Users/larss/Projects/core-component-library/packages/core-component-library/src/components/button/button.tsx
FN:3,(anonymous_0)
FN:60,(anonymous_1)
FNF:2
FNH:1
FNDA:1,(anonymous_0)
FNDA:0,(anonymous_1)
DA:1,1
DA:3,1
DA:12,1
DA:17,1
DA:22,1
DA:28,1
DA:33,1
DA:38,1
DA:43,1
DA:48,1
DA:53,1
DA:58,1
DA:61,0
DA:63,0
LF:14
LH:12
BRDA:66,0,0,0
BRDA:66,0,1,0
BRDA:67,1,0,0
BRDA:67,1,1,0
BRF:4
BRH:0
end_of_record
TN:
SF:/Users/larss/Projects/core-component-library/packages/core-component-library/src/components/checkbox/checkbox.tsx
FN:12,(anonymous_0)
FN:74,(anonymous_1)
FN:78,(anonymous_2)
FN:83,(anonymous_3)
FN:97,(anonymous_4)
FN:88,(anonymous_5)
FN:103,(anonymous_6)
FN:144,(anonymous_7)
FNF:8
FNH:1
FNDA:1,(anonymous_0)
FNDA:0,(anonymous_1)
FNDA:0,(anonymous_2)
FNDA:0,(anonymous_3)
FNDA:0,(anonymous_4)
FNDA:0,(anonymous_5)
FNDA:0,(anonymous_6)
FNDA:0,(anonymous_7)
DA:6,1
DA:8,1
DA:10,1
DA:12,1
DA:18,1
DA:27,1
DA:32,1
DA:37,1
DA:42,1
DA:47,1
DA:52,1
DA:57,1
DA:74,1
DA:75,0
DA:78,1
DA:79,0
DA:80,0
DA:83,1
DA:84,0
DA:89,0
DA:90,0
DA:91,0
DA:97,1
DA:98,0
DA:99,0
DA:117,0
DA:118,0
DA:119,0
DA:120,0
DA:121,0
DA:123,0
DA:125,0
DA:145,0
LF:33
LH:16
BRDA:80,0,0,0
BRDA:80,0,1,0
BRDA:98,1,0,0
BRDA:98,1,1,0
BRDA:119,2,0,0
BRDA:119,2,1,0
BRDA:120,3,0,0
BRDA:120,3,1,0
BRDA:123,4,0,0
BRDA:123,4,1,0
BRDA:129,5,0,0
BRDA:129,5,1,0
BRDA:148,6,0,0
BRDA:148,6,1,0
BRDA:151,7,0,0
BRDA:151,7,1,0
BRDA:151,7,2,0
BRF:17
BRH:0
end_of_record
TN:
SF:/Users/larss/Projects/core-component-library/packages/core-component-library/src/components/chip/chip.tsx
FN:4,(anonymous_1)
FN:123,(anonymous_2)
FN:138,(anonymous_3)
FN:73,(anonymous_4)
FN:78,(anonymous_5)
FN:84,(anonymous_6)
FN:92,(anonymous_7)
FN:102,(anonymous_8)
FN:107,(anonymous_9)
FN:146,(anonymous_10)
FN:150,(anonymous_11)
FNF:11
FNH:1
FNDA:1,(anonymous_1)
FNDA:0,(anonymous_2)
FNDA:0,(anonymous_3)
FNDA:0,(anonymous_4)
FNDA:0,(anonymous_5)
FNDA:0,(anonymous_6)
FNDA:0,(anonymous_7)
FNDA:0,(anonymous_8)
FNDA:0,(anonymous_9)
FNDA:0,(anonymous_10)
FNDA:0,(anonymous_11)
DA:1,1
DA:2,1
DA:4,1
DA:13,1
DA:18,1
DA:23,1
DA:28,1
DA:33,1
DA:38,1
DA:43,1
DA:48,1
DA:53,1
DA:74,0
DA:79,0
DA:85,0
DA:93,0
DA:94,0
DA:103,0
DA:104,0
DA:107,0
DA:108,0
DA:111,0
DA:113,0
DA:114,0
DA:116,0
DA:123,1
DA:124,0
DA:138,1
DA:139,0
DA:140,0
DA:143,0
DA:147,0
DA:160,0
DA:162,0
DA:166,0
LF:35
LH:14
BRDA:139,0,0,0
BRDA:139,0,1,0
BRDA:93,1,0,0
BRDA:93,1,1,0
BRDA:103,2,0,0
BRDA:103,2,1,0
BRDA:108,3,0,0
BRDA:108,3,1,0
BRDA:113,4,0,0
BRDA:113,4,1,0
BRDA:175,5,0,0
BRDA:175,5,1,0
BRDA:175,5,2,0
BRDA:177,6,0,0
BRDA:177,6,1,0
BRDA:178,7,0,0
BRDA:178,7,1,0
BRDA:178,7,2,0
BRF:18
BRH:0
end_of_record
TN:
SF:/Users/larss/Projects/core-component-library/packages/core-component-library/src/components/date-picker/date-picker.tsx
FN:4,(anonymous_1)
FN:202,(anonymous_2)
FN:244,(anonymous_3)
FN:312,(anonymous_4)
FN:385,(anonymous_5)
FN:463,(anonymous_6)
FN:501,(anonymous_7)
FN:542,(anonymous_8)
FN:611,(anonymous_9)
FN:694,(anonymous_10)
FN:701,(anonymous_11)
FN:707,(anonymous_12)
FN:709,(anonymous_13)
FN:796,(anonymous_14)
FN:812,(anonymous_15)
FN:828,(anonymous_16)
FN:849,(anonymous_17)
FN:856,(anonymous_18)
FN:864,(anonymous_19)
FN:887,(anonymous_20)
FN:983,(anonymous_21)
FN:182,(anonymous_22)
FN:193,(anonymous_23)
FN:401,(anonymous_24)
FN:417,(anonymous_25)
FN:430,(anonymous_26)
FN:476,(anonymous_27)
FN:553,(anonymous_28)
FN:902,(anonymous_29)
FN:935,(anonymous_30)
FN:940,(anonymous_31)
FN:990,(anonymous_32)
FN:999,(anonymous_33)
FN:1029,(anonymous_34)
FN:1035,(anonymous_35)
FNF:35
FNH:1
FNDA:1,(anonymous_1)
FNDA:0,(anonymous_2)
FNDA:0,(anonymous_3)
FNDA:0,(anonymous_4)
FNDA:0,(anonymous_5)
FNDA:0,(anonymous_6)
FNDA:0,(anonymous_7)
FNDA:0,(anonymous_8)
FNDA:0,(anonymous_9)
FNDA:0,(anonymous_10)
FNDA:0,(anonymous_11)
FNDA:0,(anonymous_12)
FNDA:0,(anonymous_13)
FNDA:0,(anonymous_14)
FNDA:0,(anonymous_15)
FNDA:0,(anonymous_16)
FNDA:0,(anonymous_17)
FNDA:0,(anonymous_18)
FNDA:0,(anonymous_19)
FNDA:0,(anonymous_20)
FNDA:0,(anonymous_21)
FNDA:0,(anonymous_22)
FNDA:0,(anonymous_23)
FNDA:0,(anonymous_24)
FNDA:0,(anonymous_25)
FNDA:0,(anonymous_26)
FNDA:0,(anonymous_27)
FNDA:0,(anonymous_28)
FNDA:0,(anonymous_29)
FNDA:0,(anonymous_30)
FNDA:0,(anonymous_31)
FNDA:0,(anonymous_32)
FNDA:0,(anonymous_33)
FNDA:0,(anonymous_34)
FNDA:0,(anonymous_35)
DA:1,1
DA:2,1
DA:4,1
DA:13,1
DA:18,1
DA:23,1
DA:33,1
DA:38,1
DA:53,1
DA:58,1
DA:63,1
DA:68,1
DA:73,1
DA:78,1
DA:83,1
DA:88,1
DA:93,1
DA:98,1
DA:108,1
DA:113,1
DA:144,1
DA:149,1
DA:157,1
DA:159,1
DA:161,1
DA:163,1
DA:183,0
DA:184,0
DA:185,0
DA:187,0
DA:189,0
DA:194,0
DA:196,0
DA:202,1
DA:206,0
DA:208,0
DA:209,0
DA:210,0
DA:212,0
DA:213,0
DA:216,0
DA:217,0
DA:218,0
DA:220,0
DA:221,0
DA:222,0
DA:224,0
DA:225,0
DA:227,0
DA:228,0
DA:231,0
DA:232,0
DA:233,0
DA:236,0
DA:237,0
DA:244,1
DA:246,0
DA:248,0
DA:249,0
DA:250,0
DA:252,0
DA:253,0
DA:256,0
DA:258,0
DA:259,0
DA:263,0
DA:266,0
DA:271,0
DA:274,0
DA:275,0
DA:277,0
DA:279,0
DA:280,0
DA:282,0
DA:283,0
DA:286,0
DA:287,0
DA:288,0
DA:289,0
DA:292,0
DA:293,0
DA:294,0
DA:295,0
DA:298,0
DA:299,0
DA:300,0
DA:305,0
DA:306,0
DA:307,0
DA:312,1
DA:313,0
DA:315,0
DA:316,0
DA:319,0
DA:320,0
DA:322,0
DA:323,0
DA:324,0
DA:327,0
DA:328,0
DA:329,0
DA:330,0
DA:333,0
DA:336,0
DA:337,0
DA:340,0
DA:341,0
DA:342,0
DA:344,0
DA:345,0
DA:348,0
DA:349,0
DA:352,0
DA:353,0
DA:356,0
DA:357,0
DA:360,0
DA:361,0
DA:363,0
DA:365,0
DA:367,0
DA:368,0
DA:369,0
DA:371,0
DA:372,0
DA:373,0
DA:374,0
DA:375,0
DA:377,0
DA:379,0
DA:380,0
DA:381,0
DA:385,1
DA:386,0
DA:387,0
DA:388,0
DA:389,0
DA:392,0
DA:393,0
DA:394,0
DA:395,0
DA:396,0
DA:397,0
DA:402,0
DA:403,0
DA:406,0
DA:407,0
DA:410,0
DA:411,0
DA:414,0
DA:418,0
DA:420,0
DA:421,0
DA:422,0
DA:425,0
DA:426,0
DA:427,0
DA:431,0
DA:463,1
DA:464,0
DA:465,0
DA:468,0
DA:477,0
DA:479,0
DA:480,0
DA:481,0
DA:484,0
DA:485,0
DA:486,0
DA:501,1
DA:502,0
DA:503,0
DA:506,0
DA:507,0
DA:508,0
DA:511,0
DA:514,0
DA:515,0
DA:516,0
DA:519,0
DA:524,0
DA:528,0
DA:533,0
DA:536,0
DA:542,1
DA:543,0
DA:554,0
DA:555,0
DA:556,0
DA:557,0
DA:558,0
DA:559,0
DA:563,0
DA:565,0
DA:566,0
DA:569,0
DA:570,0
DA:573,0
DA:576,0
DA:578,0
DA:579,0
DA:580,0
DA:584,0
DA:585,0
DA:588,0
DA:589,0
DA:591,0
DA:592,0
DA:595,0
DA:596,0
DA:598,0
DA:599,0
DA:602,0
DA:611,1
DA:613,0
DA:614,0
DA:616,0
DA:618,0
DA:620,0
DA:621,0
DA:622,0
DA:623,0
DA:627,0
DA:629,0
DA:633,0
DA:636,0
DA:638,0
DA:639,0
DA:640,0
DA:643,0
DA:647,0
DA:694,1
DA:695,0
DA:696,0
DA:698,0
DA:702,0
DA:708,0
DA:710,0
DA:796,1
DA:797,0
DA:799,0
DA:800,0
DA:802,0
DA:813,0
DA:829,0
DA:850,0
DA:857,0
DA:864,1
DA:865,0
DA:866,0
DA:868,0
DA:869,0
DA:870,0
DA:872,0
DA:873,0
DA:875,0
DA:877,0
DA:880,0
DA:881,0
DA:884,0
DA:887,1
DA:888,0
DA:890,0
DA:891,0
DA:892,0
DA:894,0
DA:896,0
DA:899,0
DA:903,0
DA:905,0
DA:906,0
DA:909,0
DA:911,0
DA:912,0
DA:914,0
DA:916,0
DA:917,0
DA:919,0
DA:921,0
DA:925,0
DA:926,0
DA:928,0
DA:930,0
DA:936,0
DA:937,0
DA:941,0
DA:942,0
DA:944,0
DA:945,0
DA:946,0
DA:948,0
DA:949,0
DA:950,0
DA:952,0
DA:953,0
DA:955,0
DA:958,0
DA:959,0
DA:962,0
DA:963,0
DA:966,0
DA:967,0
DA:970,0
DA:973,0
DA:976,0
DA:977,0
DA:980,0
DA:983,1
DA:984,0
DA:991,0
DA:992,0
DA:994,0
DA:995,0
DA:1014,0
DA:1016,0
DA:1030,0
DA:1036,0
LF:317
LH:39
BRDA:208,0,0,0
BRDA:208,0,1,0
BRDA:216,1,0,0
BRDA:216,1,1,0
BRDA:220,2,0,0
BRDA:220,2,1,0
BRDA:224,3,0,0
BRDA:224,3,1,0
BRDA:227,4,0,0
BRDA:227,4,1,0
BRDA:231,5,0,0
BRDA:231,5,1,0
BRDA:248,6,0,0
BRDA:248,6,1,0
BRDA:252,7,0,0
BRDA:252,7,1,0
BRDA:252,8,0,0
BRDA:252,8,1,0
BRDA:252,8,2,0
BRDA:258,9,0,0
BRDA:258,9,1,0
BRDA:261,10,0,0
BRDA:261,10,1,0
BRDA:263,11,0,0
BRDA:263,11,1,0
BRDA:268,12,0,0
BRDA:268,12,1,0
BRDA:279,13,0,0
BRDA:279,13,1,0
BRDA:279,14,0,0
BRDA:279,14,1,0
BRDA:279,14,2,0
BRDA:286,15,0,0
BRDA:286,15,1,0
BRDA:287,16,0,0
BRDA:287,16,1,0
BRDA:292,17,0,0
BRDA:292,17,1,0
BRDA:293,18,0,0
BRDA:293,18,1,0
BRDA:298,19,0,0
BRDA:298,19,1,0
BRDA:305,20,0,0
BRDA:305,20,1,0
BRDA:306,21,0,0
BRDA:306,21,1,0
BRDA:315,22,0,0
BRDA:315,22,1,0
BRDA:319,23,0,0
BRDA:319,23,1,0
BRDA:323,24,0,0
BRDA:323,24,1,0
BRDA:327,25,0,0
BRDA:336,26,0,0
BRDA:336,26,1,0
BRDA:344,27,0,0
BRDA:344,27,1,0
BRDA:348,28,0,0
BRDA:348,28,1,0
BRDA:352,29,0,0
BRDA:352,29,1,0
BRDA:352,30,0,0
BRDA:352,30,1,0
BRDA:352,30,2,0
BRDA:356,31,0,0
BRDA:356,31,1,0
BRDA:356,32,0,0
BRDA:356,32,1,0
BRDA:360,33,0,0
BRDA:360,33,1,0
BRDA:361,34,0,0
BRDA:361,34,1,0
BRDA:386,35,0,0
BRDA:386,35,1,0
BRDA:392,36,0,0
BRDA:392,36,1,0
BRDA:464,37,0,0
BRDA:464,37,1,0
BRDA:502,38,0,0
BRDA:502,38,1,0
BRDA:506,39,0,0
BRDA:506,39,1,0
BRDA:506,40,0,0
BRDA:506,40,1,0
BRDA:507,41,0,0
BRDA:507,41,1,0
BRDA:514,42,0,0
BRDA:514,42,1,0
BRDA:515,43,0,0
BRDA:515,43,1,0
BRDA:519,44,0,0
BRDA:519,44,1,0
BRDA:520,45,0,0
BRDA:520,45,1,0
BRDA:520,45,2,0
BRDA:528,46,0,0
BRDA:528,46,1,0
BRDA:529,47,0,0
BRDA:529,47,1,0
BRDA:529,47,2,0
BRDA:611,48,0,0
BRDA:620,49,0,0
BRDA:620,49,1,0
BRDA:622,50,0,0
BRDA:622,50,1,0
BRDA:625,51,0,0
BRDA:625,51,1,0
BRDA:631,52,0,0
BRDA:631,52,1,0
BRDA:640,53,0,0
BRDA:640,53,1,0
BRDA:643,54,0,0
BRDA:643,54,1,0
BRDA:643,54,2,0
BRDA:643,54,3,0
BRDA:643,54,4,0
BRDA:643,54,5,0
BRDA:643,54,6,0
BRDA:643,54,7,0
BRDA:643,54,8,0
BRDA:650,55,0,0
BRDA:650,55,1,0
BRDA:650,55,2,0
BRDA:654,56,0,0
BRDA:654,56,1,0
BRDA:656,57,0,0
BRDA:656,57,1,0
BRDA:658,58,0,0
BRDA:658,58,1,0
BRDA:669,59,0,0
BRDA:669,59,1,0
BRDA:672,60,0,0
BRDA:672,60,1,0
BRDA:677,61,0,0
BRDA:677,61,1,0
BRDA:677,61,2,0
BRDA:677,61,3,0
BRDA:678,62,0,0
BRDA:678,62,1,0
BRDA:678,62,2,0
BRDA:680,63,0,0
BRDA:680,63,1,0
BRDA:680,63,2,0
BRDA:680,63,3,0
BRDA:842,64,0,0
BRDA:842,64,1,0
BRDA:880,65,0,0
BRDA:880,65,1,0
BRDA:183,66,0,0
BRDA:183,66,1,0
BRDA:183,67,0,0
BRDA:183,67,1,0
BRDA:402,68,0,0
BRDA:402,68,1,0
BRDA:402,69,0,0
BRDA:402,69,1,0
BRDA:403,70,0,0
BRDA:403,70,1,0
BRDA:406,71,0,0
BRDA:406,71,1,0
BRDA:410,72,0,0
BRDA:410,72,1,0
BRDA:420,73,0,0
BRDA:420,73,1,0
BRDA:479,74,0,0
BRDA:479,74,1,0
BRDA:484,75,0,0
BRDA:484,75,1,0
BRDA:564,76,0,0
BRDA:564,76,1,0
BRDA:564,76,2,0
BRDA:578,77,0,0
BRDA:578,77,1,0
BRDA:589,78,0,0
BRDA:589,78,1,0
BRDA:595,79,0,0
BRDA:595,79,1,0
BRDA:596,80,0,0
BRDA:596,80,1,0
BRDA:905,81,0,0
BRDA:905,81,1,0
BRDA:905,82,0,0
BRDA:905,82,1,0
BRDA:914,83,0,0
BRDA:914,83,1,0
BRDA:914,84,0,0
BRDA:914,84,1,0
BRDA:916,85,0,0
BRDA:916,85,1,0
BRDA:919,86,0,0
BRDA:919,86,1,0
BRDA:925,87,0,0
BRDA:925,87,1,0
BRDA:928,88,0,0
BRDA:928,88,1,0
BRDA:944,89,0,0
BRDA:944,89,1,0
BRDA:953,90,0,0
BRDA:953,90,1,0
BRDA:956,91,0,0
BRDA:956,91,1,0
BRDA:956,91,2,0
BRDA:956,91,3,0
BRDA:956,91,4,0
BRDA:958,92,0,0
BRDA:958,92,1,0
BRDA:962,93,0,0
BRDA:962,93,1,0
BRDA:966,94,0,0
BRDA:966,94,1,0
BRDA:976,95,0,0
BRDA:976,95,1,0
BRDA:994,96,0,0
BRDA:994,96,1,0
BRF:214
BRH:0
end_of_record
TN:
SF:/Users/larss/Projects/core-component-library/packages/core-component-library/src/components/dialog/dialog.tsx
FN:3,(anonymous_0)
FN:19,(anonymous_1)
FNF:2
FNH:1
FNDA:1,(anonymous_0)
FNDA:0,(anonymous_1)
DA:1,1
DA:3,1
DA:12,1
DA:17,1
DA:20,0
DA:22,0
LF:6
LH:4
BRDA:24,0,0,0
BRDA:24,0,1,0
BRF:2
BRH:0
end_of_record
TN:
SF:/Users/larss/Projects/core-component-library/packages/core-component-library/src/components/divider/divider.tsx
FN:4,(anonymous_1)
FN:30,(anonymous_2)
FNF:2
FNH:1
FNDA:1,(anonymous_1)
FNDA:0,(anonymous_2)
DA:1,1
DA:2,1
DA:4,1
DA:13,1
DA:18,1
DA:23,1
DA:28,1
DA:31,0
DA:33,0
LF:9
LH:7
BRDA:38,0,0,0
BRDA:38,0,1,0
BRDA:40,1,0,0
BRDA:40,1,1,0
BRF:4
BRH:0
end_of_record
TN:
SF:/Users/larss/Projects/core-component-library/packages/core-component-library/src/components/dropdown/dropdown.tsx
FN:4,(anonymous_1)
FN:60,(anonymous_2)
FN:41,(anonymous_3)
FN:45,(anonymous_4)
FN:46,(anonymous_5)
FN:47,(anonymous_6)
FN:50,(anonymous_7)
FN:72,(anonymous_8)
FN:94,(anonymous_9)
FN:99,(anonymous_10)
FN:105,(anonymous_11)
FN:110,(anonymous_12)
FNF:12
FNH:2
FNDA:2,(anonymous_1)
FNDA:1,(anonymous_2)
FNDA:0,(anonymous_3)
FNDA:0,(anonymous_4)
FNDA:0,(anonymous_5)
FNDA:0,(anonymous_6)
FNDA:0,(anonymous_7)
FNDA:0,(anonymous_8)
FNDA:0,(anonymous_9)
FNDA:0,(anonymous_10)
FNDA:0,(anonymous_11)
FNDA:0,(anonymous_12)
DA:1,1
DA:2,1
DA:4,1
DA:10,2
DA:19,2
DA:24,2
DA:29,2
DA:34,2
DA:42,0
DA:46,0
DA:47,0
DA:51,0
DA:53,0
DA:54,0
DA:60,2
DA:61,1
DA:62,1
DA:63,1
DA:64,1
DA:73,0
DA:76,0
DA:77,0
DA:81,0
DA:82,0
DA:85,0
DA:86,0
DA:89,0
DA:90,0
DA:95,0
DA:100,0
DA:106,0
DA:111,0
LF:32
LH:13
BRDA:53,0,0,0
BRDA:53,0,1,0
BRDA:74,1,0,0
BRDA:74,1,1,0
BRDA:74,1,2,0
BRDA:74,1,3,0
BRDA:74,1,4,0
BRDA:74,1,5,0
BRDA:75,2,0,0
BRDA:75,2,1,0
BRDA:79,3,0,0
BRDA:79,3,1,0
BRDA:80,4,0,0
BRDA:80,4,1,0
BRDA:84,5,0,0
BRDA:84,5,1,0
BRDA:108,6,0,0
BRDA:108,6,1,0
BRDA:110,7,0,0
BRDA:110,7,1,0
BRDA:115,8,0,0
BRDA:115,8,1,0
BRF:22
BRH:0
end_of_record
TN:
SF:/Users/larss/Projects/core-component-library/packages/core-component-library/src/components/file-uploader/file-uploader.tsx
FN:15,(anonymous_1)
FN:59,(anonymous_2)
FN:64,(anonymous_3)
FN:69,(anonymous_4)
FN:73,(anonymous_5)
FN:82,(anonymous_6)
FN:163,(anonymous_7)
FN:165,(anonymous_8)
FN:166,(anonymous_9)
FN:169,(anonymous_10)
FN:170,(anonymous_11)
FN:176,(anonymous_12)
FN:191,(anonymous_13)
FN:88,(anonymous_14)
FN:126,(anonymous_15)
FN:136,(anonymous_16)
FN:146,(anonymous_17)
FN:150,(anonymous_18)
FN:152,(anonymous_19)
FN:187,(anonymous_20)
FN:197,(anonymous_21)
FN:221,(anonymous_22)
FNF:22
FNH:0
FNDA:0,(anonymous_1)
FNDA:0,(anonymous_2)
FNDA:0,(anonymous_3)
FNDA:0,(anonymous_4)
FNDA:0,(anonymous_5)
FNDA:0,(anonymous_6)
FNDA:0,(anonymous_7)
FNDA:0,(anonymous_8)
FNDA:0,(anonymous_9)
FNDA:0,(anonymous_10)
FNDA:0,(anonymous_11)
FNDA:0,(anonymous_12)
FNDA:0,(anonymous_13)
FNDA:0,(anonymous_14)
FNDA:0,(anonymous_15)
FNDA:0,(anonymous_16)
FNDA:0,(anonymous_17)
FNDA:0,(anonymous_18)
FNDA:0,(anonymous_19)
FNDA:0,(anonymous_20)
FNDA:0,(anonymous_21)
FNDA:0,(anonymous_22)
DA:1,1
DA:2,1
DA:15,1
DA:24,0
DA:29,0
DA:39,0
DA:45,0
DA:59,0
DA:60,0
DA:61,0
DA:64,0
DA:65,0
DA:66,0
DA:69,0
DA:70,0
DA:73,0
DA:74,0
DA:75,0
DA:77,0
DA:79,0
DA:82,0
DA:83,0
DA:85,0
DA:89,0
DA:92,0
DA:93,0
DA:95,0
DA:97,0
DA:107,0
DA:110,0
DA:113,0
DA:116,0
DA:127,0
DA:137,0
DA:147,0
DA:151,0
DA:153,0
DA:154,0
DA:155,0
DA:158,0
DA:163,0
DA:165,0
DA:166,0
DA:167,0
DA:169,0
DA:170,0
DA:172,0
DA:176,0
DA:177,0
DA:178,0
DA:180,0
DA:181,0
DA:182,0
DA:184,0
DA:188,0
DA:191,0
DA:192,0
DA:194,0
DA:198,0
DA:200,0
DA:222,0
LF:61
LH:3
BRDA:184,0,0,0
BRDA:184,0,1,0
BRDA:194,1,0,0
BRDA:194,1,1,0
BRDA:107,2,0,0
BRDA:107,2,1,0
BRDA:126,3,0,0
BRDA:136,4,0,0
BRDA:146,5,0,0
BRDA:154,6,0,0
BRDA:154,6,1,0
BRDA:223,7,0,0
BRDA:223,7,1,0
BRDA:233,8,0,0
BRDA:233,8,1,0
BRF:15
BRH:0
end_of_record
TN:
SF:/Users/larss/Projects/core-component-library/packages/core-component-library/src/components/icon/icon.tsx
FN:3,(anonymous_0)
FN:26,(anonymous_1)
FNF:2
FNH:1
FNDA:1,(anonymous_0)
FNDA:0,(anonymous_1)
DA:1,1
DA:3,1
DA:9,1
DA:14,1
DA:19,1
DA:27,0
DA:29,0
LF:7
LH:5
BRF:0
BRH:0
end_of_record
TN:
SF:/Users/larss/Projects/core-component-library/packages/core-component-library/src/components/modal/modal.tsx
FN:3,(anonymous_0)
FN:42,(anonymous_1)
FN:53,(anonymous_2)
FN:59,(anonymous_3)
FN:66,(anonymous_4)
FNF:5
FNH:1
FNDA:1,(anonymous_0)
FNDA:0,(anonymous_1)
FNDA:0,(anonymous_2)
FNDA:0,(anonymous_3)
FNDA:0,(anonymous_4)
DA:1,1
DA:3,1
DA:19,1
DA:25,1
DA:42,1
DA:43,0
DA:45,0
DA:46,0
DA:48,0
DA:54,0
DA:55,0
DA:60,0
DA:62,0
DA:67,0
LF:14
LH:5
BRDA:45,0,0,0
BRDA:45,0,1,0
BRDA:54,1,0,0
BRDA:54,1,1,0
BRDA:54,2,0,0
BRDA:54,2,1,0
BRF:6
BRH:0
end_of_record
TN:
SF:/Users/larss/Projects/core-component-library/packages/core-component-library/src/components/pagination/pagination.tsx
FN:3,(anonymous_0)
FN:130,(anonymous_1)
FN:137,(anonymous_2)
FN:147,(anonymous_3)
FN:150,(anonymous_4)
FN:45,(anonymous_5)
FN:70,(anonymous_6)
FN:77,(anonymous_7)
FN:164,(anonymous_8)
FN:174,(anonymous_9)
FN:182,(anonymous_10)
FNF:11
FNH:1
FNDA:1,(anonymous_0)
FNDA:0,(anonymous_1)
FNDA:0,(anonymous_2)
FNDA:0,(anonymous_3)
FNDA:0,(anonymous_4)
FNDA:0,(anonymous_5)
FNDA:0,(anonymous_6)
FNDA:0,(anonymous_7)
FNDA:0,(anonymous_8)
FNDA:0,(anonymous_9)
FNDA:0,(anonymous_10)
DA:1,1
DA:3,1
DA:14,1
DA:24,1
DA:29,1
DA:34,1
DA:46,0
DA:48,0
DA:49,0
DA:51,0
DA:52,0
DA:53,0
DA:55,0
DA:57,0
DA:59,0
DA:71,0
DA:78,0
DA:79,0
DA:82,0
DA:83,0
DA:84,0
DA:87,0
DA:90,0
DA:92,0
DA:93,0
DA:94,0
DA:97,0
DA:98,0
DA:99,0
DA:101,0
DA:102,0
DA:106,0
DA:107,0
DA:108,0
DA:109,0
DA:114,0
DA:115,0
DA:116,0
DA:119,0
DA:122,0
DA:124,0
DA:130,1
DA:131,0
DA:137,1
DA:138,0
DA:147,1
DA:148,0
DA:151,0
DA:165,0
DA:166,0
DA:168,0
DA:175,0
DA:176,0
DA:177,0
DA:178,0
DA:183,0
DA:185,0
DA:186,0
DA:188,0
DA:189,0
DA:192,0
LF:61
LH:9
BRDA:45,0,0,0
BRDA:51,1,0,0
BRDA:51,1,1,0
BRDA:52,2,0,0
BRDA:52,2,1,0
BRDA:57,3,0,0
BRDA:57,3,1,0
BRDA:82,4,0,0
BRDA:82,4,1,0
BRDA:93,5,0,0
BRDA:93,5,1,0
BRDA:94,6,0,0
BRDA:94,6,1,0
BRDA:94,6,2,0
BRDA:97,7,0,0
BRDA:97,7,1,0
BRDA:101,8,0,0
BRDA:101,8,1,0
BRDA:106,9,0,0
BRDA:106,9,1,0
BRDA:114,10,0,0
BRDA:114,10,1,0
BRDA:122,11,0,0
BRDA:122,11,1,0
BRDA:165,12,0,0
BRDA:165,12,1,0
BRDA:166,13,0,0
BRDA:166,13,1,0
BRDA:175,14,0,0
BRDA:175,14,1,0
BRDA:176,15,0,0
BRDA:176,15,1,0
BRDA:177,16,0,0
BRDA:177,16,1,0
BRDA:188,17,0,0
BRDA:188,17,1,0
BRDA:197,18,0,0
BRDA:197,18,1,0
BRDA:205,19,0,0
BRDA:205,19,1,0
BRDA:211,20,0,0
BRDA:211,20,1,0
BRDA:212,21,0,0
BRDA:212,21,1,0
BRDA:214,22,0,0
BRDA:214,22,1,0
BRDA:216,23,0,0
BRDA:216,23,1,0
BRF:48
BRH:0
end_of_record
TN:
SF:/Users/larss/Projects/core-component-library/packages/core-component-library/src/components/progress-indicator/progress-indicator.tsx
FN:4,(anonymous_1)
FN:50,(anonymous_2)
FN:58,(anonymous_3)
FN:89,(anonymous_4)
FN:114,(anonymous_5)
FN:121,(anonymous_6)
FN:137,(anonymous_7)
FN:146,(anonymous_8)
FNF:8
FNH:1
FNDA:1,(anonymous_1)
FNDA:0,(anonymous_2)
FNDA:0,(anonymous_3)
FNDA:0,(anonymous_4)
FNDA:0,(anonymous_5)
FNDA:0,(anonymous_6)
FNDA:0,(anonymous_7)
FNDA:0,(anonymous_8)
DA:1,1
DA:2,1
DA:4,1
DA:20,1
DA:26,1
DA:32,1
DA:37,1
DA:42,1
DA:47,1
DA:51,0
DA:59,0
DA:60,0
DA:62,0
DA:65,0
DA:66,0
DA:68,0
DA:69,0
DA:70,0
DA:71,0
DA:73,0
DA:76,0
DA:83,0
DA:90,0
DA:91,0
DA:93,0
DA:115,0
DA:122,0
DA:123,0
DA:129,0
DA:130,0
DA:131,0
DA:133,0
DA:134,0
DA:137,0
DA:138,0
DA:140,0
DA:141,0
DA:147,0
DA:149,0
DA:150,0
DA:152,0
LF:41
LH:9
BRDA:58,0,0,0
BRDA:65,1,0,0
BRDA:65,1,1,0
BRDA:67,2,0,0
BRDA:67,2,1,0
BRDA:67,3,0,0
BRDA:67,3,1,0
BRDA:68,4,0,0
BRDA:68,4,1,0
BRDA:70,5,0,0
BRDA:70,5,1,0
BRDA:77,6,0,0
BRDA:77,6,1,0
BRDA:122,7,0,0
BRDA:122,7,1,0
BRDA:129,8,0,0
BRDA:129,8,1,0
BRDA:129,9,0,0
BRDA:129,9,1,0
BRDA:140,10,0,0
BRDA:140,10,1,0
BRDA:149,11,0,0
BRDA:149,11,1,0
BRF:23
BRH:0
end_of_record
TN:
SF:/Users/larss/Projects/core-component-library/packages/core-component-library/src/components/radio/radio.tsx
FN:4,(anonymous_1)
FN:96,(anonymous_2)
FN:99,(anonymous_3)
FN:105,(anonymous_4)
FN:112,(anonymous_5)
FN:119,(anonymous_6)
FN:67,(anonymous_7)
FN:72,(anonymous_8)
FN:140,(anonymous_9)
FN:145,(anonymous_10)
FNF:10
FNH:1
FNDA:1,(anonymous_1)
FNDA:0,(anonymous_2)
FNDA:0,(anonymous_3)
FNDA:0,(anonymous_4)
FNDA:0,(anonymous_5)
FNDA:0,(anonymous_6)
FNDA:0,(anonymous_7)
FNDA:0,(anonymous_8)
FNDA:0,(anonymous_9)
FNDA:0,(anonymous_10)
DA:1,1
DA:2,1
DA:4,1
DA:24,1
DA:29,1
DA:34,1
DA:39,1
DA:44,1
DA:49,1
DA:54,1
DA:59,1
DA:64,1
DA:68,0
DA:73,0
DA:74,0
DA:75,0
DA:78,0
DA:96,1
DA:97,0
DA:99,0
DA:105,1
DA:106,0
DA:112,1
DA:113,0
DA:119,1
DA:120,0
DA:141,0
DA:142,0
DA:146,0
DA:148,0
LF:30
LH:16
BRDA:135,0,0,0
BRDA:135,0,1,0
BRDA:135,0,2,0
BRDA:135,0,3,0
BRDA:73,1,0,0
BRDA:73,1,1,0
BRDA:151,2,0,0
BRDA:151,2,1,0
BRDA:156,3,0,0
BRDA:156,3,1,0
BRDA:170,4,0,0
BRDA:170,4,1,0
BRDA:179,5,0,0
BRDA:179,5,1,0
BRF:14
BRH:0
end_of_record
TN:
SF:/Users/larss/Projects/core-component-library/packages/core-component-library/src/components/scrollcontainer/scrollcontainer.tsx
FN:4,(anonymous_1)
FN:55,(anonymous_2)
FN:59,(anonymous_3)
FN:64,(anonymous_4)
FN:69,(anonymous_5)
FN:34,(anonymous_6)
FN:42,(anonymous_7)
FN:81,(anonymous_8)
FN:85,(anonymous_9)
FN:92,(anonymous_10)
FN:102,(anonymous_11)
FN:108,(anonymous_12)
FNF:12
FNH:1
FNDA:1,(anonymous_1)
FNDA:0,(anonymous_2)
FNDA:0,(anonymous_3)
FNDA:0,(anonymous_4)
FNDA:0,(anonymous_5)
FNDA:0,(anonymous_6)
FNDA:0,(anonymous_7)
FNDA:0,(anonymous_8)
FNDA:0,(anonymous_9)
FNDA:0,(anonymous_10)
FNDA:0,(anonymous_11)
FNDA:0,(anonymous_12)
DA:1,1
DA:2,1
DA:4,1
DA:20,1
DA:25,1
DA:30,1
DA:35,0
DA:43,0
DA:44,0
DA:46,0
DA:47,0
DA:48,0
DA:50,0
DA:52,0
DA:55,1
DA:56,0
DA:59,1
DA:60,0
DA:61,0
DA:64,1
DA:65,0
DA:66,0
DA:69,1
DA:70,0
DA:71,0
DA:73,0
DA:74,0
DA:82,0
DA:86,0
DA:93,0
DA:103,0
DA:109,0
LF:32
LH:10
BRDA:70,0,0,0
BRDA:70,0,1,0
BRDA:50,1,0,0
BRDA:50,1,1,0
BRF:4
BRH:0
end_of_record
TN:
SF:/Users/larss/Projects/core-component-library/packages/core-component-library/src/components/slider/slider.tsx
FN:3,(anonymous_0)
FN:66,(anonymous_1)
FN:72,(anonymous_2)
FN:55,(anonymous_3)
FN:98,(anonymous_4)
FN:102,(anonymous_5)
FN:127,(anonymous_6)
FNF:7
FNH:1
FNDA:1,(anonymous_0)
FNDA:0,(anonymous_1)
FNDA:0,(anonymous_2)
FNDA:0,(anonymous_3)
FNDA:0,(anonymous_4)
FNDA:0,(anonymous_5)
FNDA:0,(anonymous_6)
DA:1,1
DA:3,1
DA:17,1
DA:22,1
DA:27,1
DA:32,1
DA:37,1
DA:42,1
DA:47,1
DA:52,1
DA:56,0
DA:66,1
DA:72,1
DA:73,0
DA:74,0
DA:78,0
DA:81,0
DA:83,0
DA:85,0
DA:95,0
DA:99,0
DA:103,0
DA:105,0
DA:111,0
DA:115,0
DA:128,0
LF:26
LH:12
BRDA:73,0,0,0
BRDA:73,0,1,0
BRDA:118,1,0,0
BRDA:118,1,1,0
BRDA:133,2,0,0
BRDA:133,2,1,0
BRF:6
BRH:0
end_of_record
TN:
SF:/Users/larss/Projects/core-component-library/packages/core-component-library/src/components/switch/switch.tsx
FN:3,(anonymous_0)
FN:56,(anonymous_1)
FN:69,(anonymous_2)
FN:73,(anonymous_3)
FNF:4
FNH:1
FNDA:1,(anonymous_0)
FNDA:0,(anonymous_1)
FNDA:0,(anonymous_2)
FNDA:0,(anonymous_3)
DA:1,1
DA:3,1
DA:12,1
DA:17,1
DA:22,1
DA:27,1
DA:32,1
DA:37,1
DA:57,0
DA:58,0
DA:61,0
DA:63,0
DA:64,0
DA:66,0
DA:70,0
DA:74,0
DA:76,0
LF:17
LH:8
BRDA:57,0,0,0
BRDA:57,0,1,0
BRDA:64,1,0,0
BRDA:64,1,1,0
BRDA:70,2,0,0
BRDA:70,2,1,0
BRDA:78,3,0,0
BRDA:78,3,1,0
BRF:8
BRH:0
end_of_record
TN:
SF:/Users/larss/Projects/core-component-library/packages/core-component-library/src/components/textfield/text-field.tsx
FN:6,(anonymous_1)
FN:122,(anonymous_2)
FN:130,(anonymous_3)
FN:152,(anonymous_4)
FN:159,(anonymous_5)
FN:166,(anonymous_6)
FN:174,(anonymous_7)
FN:175,(anonymous_8)
FN:184,(anonymous_9)
FN:193,(anonymous_10)
FN:205,(anonymous_11)
FN:141,(anonymous_12)
FN:212,(anonymous_13)
FN:216,(anonymous_14)
FN:276,(anonymous_15)
FN:279,(anonymous_16)
FN:298,(anonymous_17)
FNF:17
FNH:5
FNDA:6,(anonymous_1)
FNDA:0,(anonymous_2)
FNDA:0,(anonymous_3)
FNDA:0,(anonymous_4)
FNDA:0,(anonymous_5)
FNDA:0,(anonymous_6)
FNDA:0,(anonymous_7)
FNDA:0,(anonymous_8)
FNDA:0,(anonymous_9)
FNDA:5,(anonymous_10)
FNDA:0,(anonymous_11)
FNDA:0,(anonymous_12)
FNDA:5,(anonymous_13)
FNDA:7,(anonymous_14)
FNDA:0,(anonymous_15)
FNDA:0,(anonymous_16)
FNDA:7,(anonymous_17)
DA:1,1
DA:2,1
DA:6,1
DA:14,1
DA:19,6
DA:24,6
DA:29,6
DA:34,6
DA:39,6
DA:44,6
DA:49,6
DA:54,6
DA:59,6
DA:64,6
DA:69,6
DA:74,6
DA:79,6
DA:84,6
DA:89,6
DA:94,6
DA:99,6
DA:104,6
DA:109,6
DA:122,6
DA:123,0
DA:124,0
DA:130,6
DA:131,0
DA:132,0
DA:142,0
DA:144,0
DA:145,0
DA:146,0
DA:152,6
DA:153,0
DA:159,6
DA:160,0
DA:166,6
DA:167,0
DA:168,0
DA:169,0
DA:170,0
DA:174,6
DA:175,0
DA:177,0
DA:178,0
DA:184,6
DA:185,0
DA:186,0
DA:193,6
DA:194,5
DA:195,5
DA:196,0
DA:205,6
DA:206,0
DA:213,5
DA:235,7
DA:237,7
DA:238,7
DA:239,7
DA:240,0
DA:242,7
DA:243,7
DA:245,0
DA:246,0
DA:248,0
DA:249,0
DA:251,7
DA:252,7
DA:256,7
DA:262,7
DA:277,0
DA:279,0
DA:299,7
LF:74
LH:46
BRDA:123,0,0,0
BRDA:123,0,1,0
BRDA:131,1,0,0
BRDA:131,1,1,0
BRDA:131,2,0,0
BRDA:131,2,1,0
BRDA:167,3,0,0
BRDA:167,3,1,0
BRDA:185,4,0,0
BRDA:185,4,1,0
BRDA:195,5,0,0
BRDA:195,5,1,5
BRDA:237,6,0,0
BRDA:237,6,1,7
BRDA:237,7,0,7
BRDA:237,7,1,7
BRDA:237,7,2,7
BRDA:238,8,0,0
BRDA:238,8,1,7
BRDA:238,9,0,7
BRDA:238,9,1,0
BRDA:238,9,2,7
BRDA:239,10,0,0
BRDA:239,10,1,7
BRDA:244,11,0,0
BRDA:244,11,1,0
BRDA:244,11,2,7
BRDA:257,12,0,0
BRDA:257,12,1,7
BRDA:267,13,0,7
BRDA:267,13,1,0
BRDA:267,13,2,7
BRDA:270,14,0,7
BRDA:270,14,1,7
BRDA:270,14,2,7
BRDA:283,15,0,0
BRDA:283,15,1,7
BRDA:282,16,0,7
BRDA:282,16,1,7
BRDA:284,17,0,0
BRDA:284,17,1,0
BRDA:285,18,0,0
BRDA:285,18,1,0
BRDA:285,19,0,0
BRDA:285,19,1,0
BRDA:307,20,0,7
BRDA:307,20,1,0
BRDA:307,20,2,0
BRDA:310,21,0,7
BRDA:310,21,1,7
BRDA:310,21,2,7
BRDA:311,22,0,7
BRDA:311,22,1,0
BRDA:311,22,2,0
BRDA:317,23,0,7
BRDA:317,23,1,0
BRDA:317,23,2,7
BRDA:319,24,0,0
BRDA:319,24,1,7
BRDA:319,25,0,0
BRDA:319,25,1,0
BRDA:340,26,0,0
BRDA:340,26,1,7
BRDA:340,27,0,7
BRDA:340,27,1,0
BRF:65
BRH:29
end_of_record
TN:
SF:/Users/larss/Projects/core-component-library/packages/core-component-library/src/components/toast/toast-types.ts
FN:2,validatePositionType
FN:7,validateVariationType
FN:12,validateTransitionType
FNF:3
FNH:3
FNDA:24,validatePositionType
FNDA:2,validateVariationType
FNDA:2,validateTransitionType
DA:2,1
DA:3,24
DA:7,1
DA:8,2
DA:12,1
DA:13,2
LF:6
LH:6
BRF:0
BRH:0
end_of_record
TN:
SF:/Users/larss/Projects/core-component-library/packages/core-component-library/src/components/toast/toast.tsx
FN:14,(anonymous_1)
FN:21,(anonymous_2)
FN:27,(anonymous_3)
FN:29,(anonymous_4)
FN:144,(anonymous_5)
FN:152,(anonymous_6)
FN:159,(anonymous_7)
FN:166,(anonymous_8)
FN:173,(anonymous_9)
FN:196,(anonymous_10)
FN:215,(anonymous_11)
FN:220,(anonymous_12)
FN:227,(anonymous_13)
FN:239,(anonymous_14)
FN:269,(anonymous_15)
FN:295,(anonymous_16)
FN:309,(anonymous_17)
FN:315,(anonymous_18)
FN:328,(anonymous_19)
FN:335,(anonymous_20)
FNF:20
FNH:19
FNDA:1,(anonymous_1)
FNDA:1,(anonymous_2)
FNDA:2,(anonymous_3)
FNDA:28,(anonymous_4)
FNDA:2,(anonymous_5)
FNDA:24,(anonymous_6)
FNDA:2,(anonymous_7)
FNDA:2,(anonymous_8)
FNDA:6,(anonymous_9)
FNDA:30,(anonymous_10)
FNDA:30,(anonymous_11)
FNDA:30,(anonymous_12)
FNDA:48,(anonymous_13)
FNDA:48,(anonymous_14)
FNDA:2,(anonymous_15)
FNDA:22,(anonymous_16)
FNDA:22,(anonymous_17)
FNDA:48,(anonymous_18)
FNDA:0,(anonymous_19)
FNDA:48,(anonymous_20)
DA:1,1
DA:2,1
DA:3,1
DA:5,1
DA:14,1
DA:15,1
DA:16,1
DA:17,1
DA:18,1
DA:21,1
DA:22,1
DA:23,1
DA:24,1
DA:27,2
DA:29,1
DA:82,28
DA:87,28
DA:92,28
DA:97,28
DA:138,28
DA:145,2
DA:146,1
DA:148,2
DA:153,24
DA:154,1
DA:160,2
DA:161,1
DA:167,2
DA:168,1
DA:174,6
DA:175,3
DA:176,3
DA:177,2
DA:179,1
DA:182,3
DA:183,3
DA:184,2
DA:186,1
DA:194,28
DA:197,30
DA:199,20
DA:200,20
DA:202,3
DA:203,3
DA:205,2
DA:206,2
DA:208,5
DA:209,5
DA:216,30
DA:217,30
DA:221,30
DA:222,30
DA:223,30
DA:228,48
DA:229,2
DA:231,46
DA:240,48
DA:241,48
DA:242,48
DA:245,48
DA:247,48
DA:270,2
DA:272,2
DA:273,2
DA:274,1
DA:275,1
DA:278,1
DA:281,0
DA:288,28
DA:293,28
DA:296,22
DA:298,22
DA:299,19
DA:300,18
DA:302,1
DA:305,3
DA:310,22
DA:311,1
DA:316,48
DA:320,20
DA:321,20
DA:328,0
DA:329,0
DA:336,48
DA:337,48
LF:85
LH:82
BRDA:14,0,0,1
BRDA:14,0,1,1
BRDA:21,1,0,1
BRDA:21,1,1,1
BRDA:27,2,0,2
BRDA:27,2,1,2
BRDA:145,3,0,1
BRDA:145,3,1,1
BRDA:153,4,0,1
BRDA:153,4,1,23
BRDA:160,5,0,1
BRDA:160,5,1,1
BRDA:167,6,0,1
BRDA:167,6,1,1
BRDA:174,7,0,3
BRDA:174,7,1,3
BRDA:175,8,0,3
BRDA:175,8,1,0
BRDA:175,9,0,3
BRDA:175,9,1,3
BRDA:176,10,0,2
BRDA:176,10,1,1
BRDA:182,11,0,3
BRDA:182,11,1,0
BRDA:182,12,0,3
BRDA:182,12,1,1
BRDA:183,13,0,2
BRDA:183,13,1,1
BRDA:198,14,0,20
BRDA:198,14,1,3
BRDA:198,14,2,2
BRDA:198,14,3,5
BRDA:198,14,4,0
BRDA:221,15,0,30
BRDA:221,15,1,0
BRDA:228,16,0,2
BRDA:228,16,1,46
BRDA:234,17,0,46
BRDA:234,17,1,46
BRDA:240,18,0,48
BRDA:240,18,1,6
BRDA:241,19,0,48
BRDA:241,19,1,2
BRDA:242,20,0,48
BRDA:242,20,1,6
BRDA:245,21,0,48
BRDA:245,21,1,42
BRDA:249,22,0,48
BRDA:249,22,1,10
BRDA:251,23,0,10
BRDA:251,23,1,4
BRDA:256,24,0,48
BRDA:256,24,1,6
BRDA:260,25,0,48
BRDA:260,25,1,2
BRDA:272,26,0,2
BRDA:272,26,1,0
BRDA:273,27,0,1
BRDA:273,27,1,1
BRDA:275,28,0,1
BRDA:275,28,1,0
BRDA:298,29,0,19
BRDA:298,29,1,3
BRDA:299,30,0,18
BRDA:299,30,1,1
BRDA:310,31,0,1
BRDA:310,31,1,21
BRDA:316,32,0,20
BRDA:316,32,1,28
BRDA:317,33,0,48
BRDA:317,33,1,9
BRDA:317,33,2,42
BRDA:320,34,0,20
BRDA:320,34,1,0
BRF:74
BRH:67
end_of_record
TN:
SF:/Users/larss/Projects/core-component-library/packages/core-component-library/src/utils/helpers.ts
FN:4,(anonymous_0)
FN:14,(anonymous_1)
FN:39,delayAsync
FN:40,(anonymous_3)
FNF:4
FNH:2
FNDA:0,(anonymous_0)
FNDA:0,(anonymous_1)
FNDA:2,delayAsync
FNDA:2,(anonymous_3)
DA:4,3
DA:14,3
DA:21,0
DA:22,0
DA:23,0
DA:24,0
DA:25,0
DA:26,0
DA:27,0
DA:29,0
DA:30,0
DA:31,0
DA:39,3
DA:40,2
LF:14
LH:4
BRDA:4,0,0,0
BRDA:4,0,1,0
BRDA:21,1,0,0
BRDA:21,1,1,0
BRDA:21,2,0,0
BRDA:21,2,1,0
BRDA:23,3,0,0
BRDA:23,3,1,0
BRDA:31,4,0,0
BRDA:31,4,1,0
BRDA:39,5,0,0
BRF:11
BRH:0
end_of_record
TN:
SF:/Users/larss/Projects/core-component-library/packages/core-component-library/src/utils/utils.ts
FN:1,format
FNF:1
FNH:1
FNDA:4,format
DA:1,1
DA:2,4
LF:2
LH:2
BRDA:2,0,0,4
BRDA:2,0,1,1
BRDA:2,1,0,1
BRDA:2,1,1,3
BRDA:2,2,0,2
BRDA:2,2,1,2
BRF:6
BRH:6
end_of_record
